Determining if the pthread_create exist failed with the following output:
Change Dir: /home/gattif/srclib/CArl/Cpp/bin/CMakeFiles/CMakeTmp

Run Build Command:"/usr/bin/gmake" "cmTC_66e0f/fast"
/usr/bin/gmake -f CMakeFiles/cmTC_66e0f.dir/build.make CMakeFiles/cmTC_66e0f.dir/build
gmake[1]: Entering directory `/gpfs/home/gattif/srclib/CArl/Cpp/bin/CMakeFiles/CMakeTmp'
Building C object CMakeFiles/cmTC_66e0f.dir/CheckSymbolExists.c.o
/gpfs/opt/compilers/intel/compilers_and_libraries_2017.4.196/linux/bin/intel64/icc    -o CMakeFiles/cmTC_66e0f.dir/CheckSymbolExists.c.o   -c /home/gattif/srclib/CArl/Cpp/bin/CMakeFiles/CMakeTmp/CheckSymbolExists.c
Linking C executable cmTC_66e0f
/gpfs/opt/tools/cmake/3.10.2/bin/cmake -E cmake_link_script CMakeFiles/cmTC_66e0f.dir/link.txt --verbose=1
/gpfs/opt/compilers/intel/compilers_and_libraries_2017.4.196/linux/bin/intel64/icc      -rdynamic CMakeFiles/cmTC_66e0f.dir/CheckSymbolExists.c.o  -o cmTC_66e0f 
CMakeFiles/cmTC_66e0f.dir/CheckSymbolExists.c.o: In function `main':
CheckSymbolExists.c:(.text+0x23): undefined reference to `pthread_create'
gmake[1]: *** [cmTC_66e0f] Error 1
gmake[1]: Leaving directory `/gpfs/home/gattif/srclib/CArl/Cpp/bin/CMakeFiles/CMakeTmp'
gmake: *** [cmTC_66e0f/fast] Error 2

File /home/gattif/srclib/CArl/Cpp/bin/CMakeFiles/CMakeTmp/CheckSymbolExists.c:
/* */
#include <pthread.h>

int main(int argc, char** argv)
{
  (void)argv;
#ifndef pthread_create
  return ((int*)(&pthread_create))[argc];
#else
  (void)argc;
  return 0;
#endif
}

Determining if the function pthread_create exists in the pthreads failed with the following output:
Change Dir: /home/gattif/srclib/CArl/Cpp/bin/CMakeFiles/CMakeTmp

Run Build Command:"/usr/bin/gmake" "cmTC_87f1a/fast"
/usr/bin/gmake -f CMakeFiles/cmTC_87f1a.dir/build.make CMakeFiles/cmTC_87f1a.dir/build
gmake[1]: Entering directory `/gpfs/home/gattif/srclib/CArl/Cpp/bin/CMakeFiles/CMakeTmp'
Building C object CMakeFiles/cmTC_87f1a.dir/CheckFunctionExists.c.o
/gpfs/opt/compilers/intel/compilers_and_libraries_2017.4.196/linux/bin/intel64/icc   -DCHECK_FUNCTION_EXISTS=pthread_create   -o CMakeFiles/cmTC_87f1a.dir/CheckFunctionExists.c.o   -c /gpfs/opt/tools/cmake/3.10.2/share/cmake-3.10/Modules/CheckFunctionExists.c
Linking C executable cmTC_87f1a
/gpfs/opt/tools/cmake/3.10.2/bin/cmake -E cmake_link_script CMakeFiles/cmTC_87f1a.dir/link.txt --verbose=1
/gpfs/opt/compilers/intel/compilers_and_libraries_2017.4.196/linux/bin/intel64/icc  -DCHECK_FUNCTION_EXISTS=pthread_create    -rdynamic CMakeFiles/cmTC_87f1a.dir/CheckFunctionExists.c.o  -o cmTC_87f1a -lpthreads 
ld: cannot find -lpthreads
gmake[1]: *** [cmTC_87f1a] Error 1
gmake[1]: Leaving directory `/gpfs/home/gattif/srclib/CArl/Cpp/bin/CMakeFiles/CMakeTmp'
gmake: *** [cmTC_87f1a/fast] Error 2


