The system is: Linux - 3.10.0-693.21.1.el7.x86_64 - x86_64
Compiling the C compiler identification source file "CMakeCCompilerId.c" succeeded.
Compiler: /gpfs/opt/compilers/intel/compilers_and_libraries_2017.4.196/linux/bin/intel64/icc 
Build flags: 
Id flags:  

The output was:
0


Compilation of the C compiler identification source "CMakeCCompilerId.c" produced "a.out"

The C compiler identification is Intel, found in "/home/gattif/srclib/CArl/Cpp/bin/CMakeFiles/3.10.2/CompilerIdC/a.out"

Compiling the CXX compiler identification source file "CMakeCXXCompilerId.cpp" succeeded.
Compiler: /gpfs/opt/compilers/intel/compilers_and_libraries_2017.4.196/linux/bin/intel64/icpc 
Build flags: 
Id flags:  

The output was:
0


Compilation of the CXX compiler identification source "CMakeCXXCompilerId.cpp" produced "a.out"

The CXX compiler identification is Intel, found in "/home/gattif/srclib/CArl/Cpp/bin/CMakeFiles/3.10.2/CompilerIdCXX/a.out"

Determining if the C compiler works passed with the following output:
Change Dir: /home/gattif/srclib/CArl/Cpp/bin/CMakeFiles/CMakeTmp

Run Build Command:"/usr/bin/gmake" "cmTC_6b349/fast"
/usr/bin/gmake -f CMakeFiles/cmTC_6b349.dir/build.make CMakeFiles/cmTC_6b349.dir/build
gmake[1]: Entering directory `/gpfs/home/gattif/srclib/CArl/Cpp/bin/CMakeFiles/CMakeTmp'
Building C object CMakeFiles/cmTC_6b349.dir/testCCompiler.c.o
/gpfs/opt/compilers/intel/compilers_and_libraries_2017.4.196/linux/bin/intel64/icc    -o CMakeFiles/cmTC_6b349.dir/testCCompiler.c.o   -c /home/gattif/srclib/CArl/Cpp/bin/CMakeFiles/CMakeTmp/testCCompiler.c
Linking C executable cmTC_6b349
/gpfs/opt/tools/cmake/3.10.2/bin/cmake -E cmake_link_script CMakeFiles/cmTC_6b349.dir/link.txt --verbose=1
/gpfs/opt/compilers/intel/compilers_and_libraries_2017.4.196/linux/bin/intel64/icc      -rdynamic CMakeFiles/cmTC_6b349.dir/testCCompiler.c.o  -o cmTC_6b349 
gmake[1]: Leaving directory `/gpfs/home/gattif/srclib/CArl/Cpp/bin/CMakeFiles/CMakeTmp'


Detecting C compiler ABI info compiled with the following output:
Change Dir: /home/gattif/srclib/CArl/Cpp/bin/CMakeFiles/CMakeTmp

Run Build Command:"/usr/bin/gmake" "cmTC_29195/fast"
/usr/bin/gmake -f CMakeFiles/cmTC_29195.dir/build.make CMakeFiles/cmTC_29195.dir/build
gmake[1]: Entering directory `/gpfs/home/gattif/srclib/CArl/Cpp/bin/CMakeFiles/CMakeTmp'
Building C object CMakeFiles/cmTC_29195.dir/CMakeCCompilerABI.c.o
/gpfs/opt/compilers/intel/compilers_and_libraries_2017.4.196/linux/bin/intel64/icc    -o CMakeFiles/cmTC_29195.dir/CMakeCCompilerABI.c.o   -c /gpfs/opt/tools/cmake/3.10.2/share/cmake-3.10/Modules/CMakeCCompilerABI.c
Linking C executable cmTC_29195
/gpfs/opt/tools/cmake/3.10.2/bin/cmake -E cmake_link_script CMakeFiles/cmTC_29195.dir/link.txt --verbose=1
/gpfs/opt/compilers/intel/compilers_and_libraries_2017.4.196/linux/bin/intel64/icc     -v -rdynamic CMakeFiles/cmTC_29195.dir/CMakeCCompilerABI.c.o  -o cmTC_29195 
icc version 17.0.4 (gcc version 4.8.5 compatibility)
/gpfs/opt/compilers/intel/compilers_and_libraries_2017.4.196/linux/bin/intel64/mcpcom    -mGLOB_em64t=TRUE -mP1OPT_version=17.0-intel64 -mGLOB_diag_enable_disable=D:cpu-dispatch -mGLOB_diag_file=CMakeFiles/cmTC_29195.dir/CMakeCCompilerABI.c.diag -mGLOB_long_size_64 -mGLOB_routine_pointer_size_64 -mP1OPT_print_version=FALSE -mCG_use_gas_got_workaround=F -mP2OPT_align_option_used=TRUE -mGLOB_gcc_version=485 "-mGLOB_options_string=-axCORE-AVX512,CORE-AVX2,AVX -diag-disable=cpu-dispatch -v -rdynamic -o cmTC_29195" -mGLOB_cxx_limited_range=FALSE -mCG_extend_parms=FALSE -mGLOB_compiler_bin_directory=/gpfs/opt/compilers/intel/compilers_and_libraries_2017.4.196/linux/bin/intel64 -mGLOB_as_output_backup_file_name=/tmp/iccCo4lJEas_.s -mGLOB_dashboard_use_source_name -mIPOPT_activate -mGLOB_product_id_code=0x22006d91 -mGLOB_specialized_instructions=0xc800 -mIPOPT_auto_cpu_activate -mP3OPT_use_mspp_call_convention -mP2OPT_subs_out_of_bound=FALSE -mP2OPT_disam_type_based_disam=2 -mP2OPT_disam_assume_ansi_c -mP2OPT_checked_disam_ansi_alias=TRUE -mGLOB_ansi_alias -mPGOPTI_value_profile_use=T -mGLOB_opt_report_use_source_name -mP2OPT_il0_array_sections=TRUE -mGLOB_offload_mode=1 -mP2OPT_offload_unique_var_string=icc1230284561VAQ3BD -mP2OPT_hlo -mP2OPT_hpo_rtt_control=0 -mIPOPT_args_in_regs=0 -mP2OPT_disam_assume_nonstd_intent_in=FALSE -mGLOB_imf_mapping_library=/gpfs/opt/compilers/intel/compilers_and_libraries_2017.4.196/linux/bin/intel64/libiml_attr.so -mPGOPTI_gen_threadsafe_level=0 -mIPOPT_link -mIPOPT_ipo_activate -mIPOPT_mo_activate -mIPOPT_source_files_list=/tmp/iccslisKUlb1h -mIPOPT_mo_global_data -mIPOPT_link_script_file=/tmp/iccscriptKK9JfK "-mIPOPT_cmdline_link="/usr/lib/gcc/x86_64-redhat-linux/4.8.5/../../../../lib64/crt1.o" "/usr/lib/gcc/x86_64-redhat-linux/4.8.5/../../../../lib64/crti.o" "/usr/lib/gcc/x86_64-redhat-linux/4.8.5/crtbegin.o" "-export-dynamic" "--eh-frame-hdr" "--build-id" "-dynamic-linker" "/lib64/ld-linux-x86-64.so.2" "-m" "elf_x86_64" "-o" "cmTC_29195" "-L/gpfs/opt/languages/python/2.7.13/lib" "-L/gpfs/opt/libraries/libmpfr/3.1.5/lib" "-L/gpfs/opt/libraries/libgmp/6.1.2/lib" "-L/gpfs/opt/compilers/intel/compilers_and_libraries_2017.4.196/linux/mkl/lib/intel64" "-L/gpfs/opt/compilers/intel/compilers_and_libraries_2017.4.196/linux/mpi/intel64/lib" "-L/gpfs/opt/compilers/intel/compilers_and_libraries_2017.4.196/linux/compiler/lib/intel64_lin" "-L/usr/lib/gcc/x86_64-redhat-linux/4.8.5/" "-L/usr/lib/gcc/x86_64-redhat-linux/4.8.5/../../../../lib64" "-L/usr/lib/gcc/x86_64-redhat-linux/4.8.5/../../../../lib64/" "-L/lib/../lib64" "-L/lib/../lib64/" "-L/usr/lib/../lib64" "-L/usr/lib/../lib64/" "-L/gpfs/opt/languages/python/2.7.13/lib/" "-L/gpfs/opt/libraries/libmpfr/3.1.5/lib/" "-L/gpfs/opt/libraries/libgmp/6.1.2/lib/" "-L/gpfs/opt/compilers/intel/compilers_and_libraries_2017.4.196/linux/mkl/lib/intel64/" "-L/gpfs/opt/compilers/intel/compilers_and_libraries_2017.4.196/linux/mpi/intel64/lib/" "-L/usr/lib/gcc/x86_64-redhat-linux/4.8.5/../../../" "-L/lib64" "-L/lib/" "-L/usr/lib64" "-L/usr/lib" "CMakeFiles/cmTC_29195.dir/CMakeCCompilerABI.c.o" "-Bdynamic" "-Bstatic" "-limf" "-lsvml" "-lirng" "-Bdynamic" "-lm" "-Bstatic" "-lipgo" "-ldecimal" "--as-needed" "-Bdynamic" "-lcilkrts" "-lstdc++" "--no-as-needed" "-lgcc" "-lgcc_s" "-Bstatic" "-lirc" "-lsvml" "-Bdynamic" "-lc" "-lgcc" "-lgcc_s" "-Bstatic" "-lirc_s" "-Bdynamic" "-ldl" "-lc" "/usr/lib/gcc/x86_64-redhat-linux/4.8.5/crtend.o" "/usr/lib/gcc/x86_64-redhat-linux/4.8.5/../../../../lib64/crtn.o"" -mIPOPT_il_in_obj -mIPOPT_ipo_activate_warn=FALSE -mIPOPT_obj_output_file_name=/tmp/ipo_iccDvHRBy.o -mIPOPT_whole_archive_fixup_file_name=/tmp/iccwarchErMpt1 -mGLOB_linker_version=2.25.1 -mGLOB_driver_tempfile_name=/tmp/icctempfileey08It -mP3OPT_asm_target=P3OPT_ASM_TARGET_GAS -mGLOB_async_unwind_tables=TRUE -mGLOB_obj_output_file=/tmp/ipo_iccDvHRBy.o -mGLOB_source_dialect=GLOB_SOURCE_DIALECT_NONE -mP1OPT_source_file_name=ipo_out.c CMakeFiles/cmTC_29195.dir/CMakeCCompilerABI.c.o -mIPOPT_object_files=T -mIPOPT_assembly_files=/tmp/iccalisK7CX4s -mIPOPT_generated_tempfiles=/tmp/iccelisBMQvjV -mIPOPT_embedded_object_base_name=/tmp/icceobj7Gc4xn -mIPOPT_cmdline_link_new_name=/tmp/iccllisbdGCMP
ld    /usr/lib/gcc/x86_64-redhat-linux/4.8.5/../../../../lib64/crt1.o /usr/lib/gcc/x86_64-redhat-linux/4.8.5/../../../../lib64/crti.o /usr/lib/gcc/x86_64-redhat-linux/4.8.5/crtbegin.o -export-dynamic --eh-frame-hdr --build-id -dynamic-linker /lib64/ld-linux-x86-64.so.2 -m elf_x86_64 -o cmTC_29195 -L/gpfs/opt/languages/python/2.7.13/lib -L/gpfs/opt/libraries/libmpfr/3.1.5/lib -L/gpfs/opt/libraries/libgmp/6.1.2/lib -L/gpfs/opt/compilers/intel/compilers_and_libraries_2017.4.196/linux/mkl/lib/intel64 -L/gpfs/opt/compilers/intel/compilers_and_libraries_2017.4.196/linux/mpi/intel64/lib -L/gpfs/opt/compilers/intel/compilers_and_libraries_2017.4.196/linux/compiler/lib/intel64_lin -L/usr/lib/gcc/x86_64-redhat-linux/4.8.5/ -L/usr/lib/gcc/x86_64-redhat-linux/4.8.5/../../../../lib64 -L/usr/lib/gcc/x86_64-redhat-linux/4.8.5/../../../../lib64/ -L/lib/../lib64 -L/lib/../lib64/ -L/usr/lib/../lib64 -L/usr/lib/../lib64/ -L/gpfs/opt/languages/python/2.7.13/lib/ -L/gpfs/opt/libraries/libmpfr/3.1.5/lib/ -L/gpfs/opt/libraries/libgmp/6.1.2/lib/ -L/gpfs/opt/compilers/intel/compilers_and_libraries_2017.4.196/linux/mkl/lib/intel64/ -L/gpfs/opt/compilers/intel/compilers_and_libraries_2017.4.196/linux/mpi/intel64/lib/ -L/usr/lib/gcc/x86_64-redhat-linux/4.8.5/../../../ -L/lib64 -L/lib/ -L/usr/lib64 -L/usr/lib CMakeFiles/cmTC_29195.dir/CMakeCCompilerABI.c.o -Bdynamic -Bstatic -limf -lsvml -lirng -Bdynamic -lm -Bstatic -lipgo -ldecimal --as-needed -Bdynamic -lcilkrts -lstdc++ --no-as-needed -lgcc -lgcc_s -Bstatic -lirc -lsvml -Bdynamic -lc -lgcc -lgcc_s -Bstatic -lirc_s -Bdynamic -ldl -lc /usr/lib/gcc/x86_64-redhat-linux/4.8.5/crtend.o /usr/lib/gcc/x86_64-redhat-linux/4.8.5/../../../../lib64/crtn.o
gmake[1]: Leaving directory `/gpfs/home/gattif/srclib/CArl/Cpp/bin/CMakeFiles/CMakeTmp'


Parsed C implicit link information from above output:
  link line regex: [^( *|.*[/\])(ld|CMAKE_LINK_STARTFILE-NOTFOUND|([^/\]+-)?ld|collect2)[^/\]*( |$)]
  ignore line: [Change Dir: /home/gattif/srclib/CArl/Cpp/bin/CMakeFiles/CMakeTmp]
  ignore line: []
  ignore line: [Run Build Command:"/usr/bin/gmake" "cmTC_29195/fast"]
  ignore line: [/usr/bin/gmake -f CMakeFiles/cmTC_29195.dir/build.make CMakeFiles/cmTC_29195.dir/build]
  ignore line: [gmake[1]: Entering directory `/gpfs/home/gattif/srclib/CArl/Cpp/bin/CMakeFiles/CMakeTmp']
  ignore line: [Building C object CMakeFiles/cmTC_29195.dir/CMakeCCompilerABI.c.o]
  ignore line: [/gpfs/opt/compilers/intel/compilers_and_libraries_2017.4.196/linux/bin/intel64/icc    -o CMakeFiles/cmTC_29195.dir/CMakeCCompilerABI.c.o   -c /gpfs/opt/tools/cmake/3.10.2/share/cmake-3.10/Modules/CMakeCCompilerABI.c]
  ignore line: [Linking C executable cmTC_29195]
  ignore line: [/gpfs/opt/tools/cmake/3.10.2/bin/cmake -E cmake_link_script CMakeFiles/cmTC_29195.dir/link.txt --verbose=1]
  ignore line: [/gpfs/opt/compilers/intel/compilers_and_libraries_2017.4.196/linux/bin/intel64/icc     -v -rdynamic CMakeFiles/cmTC_29195.dir/CMakeCCompilerABI.c.o  -o cmTC_29195 ]
  ignore line: [icc version 17.0.4 (gcc version 4.8.5 compatibility)]
  ignore line: [/gpfs/opt/compilers/intel/compilers_and_libraries_2017.4.196/linux/bin/intel64/mcpcom    -mGLOB_em64t=TRUE -mP1OPT_version=17.0-intel64 -mGLOB_diag_enable_disable=D:cpu-dispatch -mGLOB_diag_file=CMakeFiles/cmTC_29195.dir/CMakeCCompilerABI.c.diag -mGLOB_long_size_64 -mGLOB_routine_pointer_size_64 -mP1OPT_print_version=FALSE -mCG_use_gas_got_workaround=F -mP2OPT_align_option_used=TRUE -mGLOB_gcc_version=485 "-mGLOB_options_string=-axCORE-AVX512,CORE-AVX2,AVX -diag-disable=cpu-dispatch -v -rdynamic -o cmTC_29195" -mGLOB_cxx_limited_range=FALSE -mCG_extend_parms=FALSE -mGLOB_compiler_bin_directory=/gpfs/opt/compilers/intel/compilers_and_libraries_2017.4.196/linux/bin/intel64 -mGLOB_as_output_backup_file_name=/tmp/iccCo4lJEas_.s -mGLOB_dashboard_use_source_name -mIPOPT_activate -mGLOB_product_id_code=0x22006d91 -mGLOB_specialized_instructions=0xc800 -mIPOPT_auto_cpu_activate -mP3OPT_use_mspp_call_convention -mP2OPT_subs_out_of_bound=FALSE -mP2OPT_disam_type_based_disam=2 -mP2OPT_disam_assume_ansi_c -mP2OPT_checked_disam_ansi_alias=TRUE -mGLOB_ansi_alias -mPGOPTI_value_profile_use=T -mGLOB_opt_report_use_source_name -mP2OPT_il0_array_sections=TRUE -mGLOB_offload_mode=1 -mP2OPT_offload_unique_var_string=icc1230284561VAQ3BD -mP2OPT_hlo -mP2OPT_hpo_rtt_control=0 -mIPOPT_args_in_regs=0 -mP2OPT_disam_assume_nonstd_intent_in=FALSE -mGLOB_imf_mapping_library=/gpfs/opt/compilers/intel/compilers_and_libraries_2017.4.196/linux/bin/intel64/libiml_attr.so -mPGOPTI_gen_threadsafe_level=0 -mIPOPT_link -mIPOPT_ipo_activate -mIPOPT_mo_activate -mIPOPT_source_files_list=/tmp/iccslisKUlb1h -mIPOPT_mo_global_data -mIPOPT_link_script_file=/tmp/iccscriptKK9JfK "-mIPOPT_cmdline_link="/usr/lib/gcc/x86_64-redhat-linux/4.8.5/../../../../lib64/crt1.o" "/usr/lib/gcc/x86_64-redhat-linux/4.8.5/../../../../lib64/crti.o" "/usr/lib/gcc/x86_64-redhat-linux/4.8.5/crtbegin.o" "-export-dynamic" "--eh-frame-hdr" "--build-id" "-dynamic-linker" "/lib64/ld-linux-x86-64.so.2" "-m" "elf_x86_64" "-o" "cmTC_29195" "-L/gpfs/opt/languages/python/2.7.13/lib" "-L/gpfs/opt/libraries/libmpfr/3.1.5/lib" "-L/gpfs/opt/libraries/libgmp/6.1.2/lib" "-L/gpfs/opt/compilers/intel/compilers_and_libraries_2017.4.196/linux/mkl/lib/intel64" "-L/gpfs/opt/compilers/intel/compilers_and_libraries_2017.4.196/linux/mpi/intel64/lib" "-L/gpfs/opt/compilers/intel/compilers_and_libraries_2017.4.196/linux/compiler/lib/intel64_lin" "-L/usr/lib/gcc/x86_64-redhat-linux/4.8.5/" "-L/usr/lib/gcc/x86_64-redhat-linux/4.8.5/../../../../lib64" "-L/usr/lib/gcc/x86_64-redhat-linux/4.8.5/../../../../lib64/" "-L/lib/../lib64" "-L/lib/../lib64/" "-L/usr/lib/../lib64" "-L/usr/lib/../lib64/" "-L/gpfs/opt/languages/python/2.7.13/lib/" "-L/gpfs/opt/libraries/libmpfr/3.1.5/lib/" "-L/gpfs/opt/libraries/libgmp/6.1.2/lib/" "-L/gpfs/opt/compilers/intel/compilers_and_libraries_2017.4.196/linux/mkl/lib/intel64/" "-L/gpfs/opt/compilers/intel/compilers_and_libraries_2017.4.196/linux/mpi/intel64/lib/" "-L/usr/lib/gcc/x86_64-redhat-linux/4.8.5/../../../" "-L/lib64" "-L/lib/" "-L/usr/lib64" "-L/usr/lib" "CMakeFiles/cmTC_29195.dir/CMakeCCompilerABI.c.o" "-Bdynamic" "-Bstatic" "-limf" "-lsvml" "-lirng" "-Bdynamic" "-lm" "-Bstatic" "-lipgo" "-ldecimal" "--as-needed" "-Bdynamic" "-lcilkrts" "-lstdc++" "--no-as-needed" "-lgcc" "-lgcc_s" "-Bstatic" "-lirc" "-lsvml" "-Bdynamic" "-lc" "-lgcc" "-lgcc_s" "-Bstatic" "-lirc_s" "-Bdynamic" "-ldl" "-lc" "/usr/lib/gcc/x86_64-redhat-linux/4.8.5/crtend.o" "/usr/lib/gcc/x86_64-redhat-linux/4.8.5/../../../../lib64/crtn.o"" -mIPOPT_il_in_obj -mIPOPT_ipo_activate_warn=FALSE -mIPOPT_obj_output_file_name=/tmp/ipo_iccDvHRBy.o -mIPOPT_whole_archive_fixup_file_name=/tmp/iccwarchErMpt1 -mGLOB_linker_version=2.25.1 -mGLOB_driver_tempfile_name=/tmp/icctempfileey08It -mP3OPT_asm_target=P3OPT_ASM_TARGET_GAS -mGLOB_async_unwind_tables=TRUE -mGLOB_obj_output_file=/tmp/ipo_iccDvHRBy.o -mGLOB_source_dialect=GLOB_SOURCE_DIALECT_NONE -mP1OPT_source_file_name=ipo_out.c CMakeFiles/cmTC_29195.dir/CMakeCCompilerABI.c.o -mIPOPT_object_files=T -mIPOPT_assembly_files=/tmp/iccalisK7CX4s -mIPOPT_generated_tempfiles=/tmp/iccelisBMQvjV -mIPOPT_embedded_object_base_name=/tmp/icceobj7Gc4xn -mIPOPT_cmdline_link_new_name=/tmp/iccllisbdGCMP]
  link line: [ld    /usr/lib/gcc/x86_64-redhat-linux/4.8.5/../../../../lib64/crt1.o /usr/lib/gcc/x86_64-redhat-linux/4.8.5/../../../../lib64/crti.o /usr/lib/gcc/x86_64-redhat-linux/4.8.5/crtbegin.o -export-dynamic --eh-frame-hdr --build-id -dynamic-linker /lib64/ld-linux-x86-64.so.2 -m elf_x86_64 -o cmTC_29195 -L/gpfs/opt/languages/python/2.7.13/lib -L/gpfs/opt/libraries/libmpfr/3.1.5/lib -L/gpfs/opt/libraries/libgmp/6.1.2/lib -L/gpfs/opt/compilers/intel/compilers_and_libraries_2017.4.196/linux/mkl/lib/intel64 -L/gpfs/opt/compilers/intel/compilers_and_libraries_2017.4.196/linux/mpi/intel64/lib -L/gpfs/opt/compilers/intel/compilers_and_libraries_2017.4.196/linux/compiler/lib/intel64_lin -L/usr/lib/gcc/x86_64-redhat-linux/4.8.5/ -L/usr/lib/gcc/x86_64-redhat-linux/4.8.5/../../../../lib64 -L/usr/lib/gcc/x86_64-redhat-linux/4.8.5/../../../../lib64/ -L/lib/../lib64 -L/lib/../lib64/ -L/usr/lib/../lib64 -L/usr/lib/../lib64/ -L/gpfs/opt/languages/python/2.7.13/lib/ -L/gpfs/opt/libraries/libmpfr/3.1.5/lib/ -L/gpfs/opt/libraries/libgmp/6.1.2/lib/ -L/gpfs/opt/compilers/intel/compilers_and_libraries_2017.4.196/linux/mkl/lib/intel64/ -L/gpfs/opt/compilers/intel/compilers_and_libraries_2017.4.196/linux/mpi/intel64/lib/ -L/usr/lib/gcc/x86_64-redhat-linux/4.8.5/../../../ -L/lib64 -L/lib/ -L/usr/lib64 -L/usr/lib CMakeFiles/cmTC_29195.dir/CMakeCCompilerABI.c.o -Bdynamic -Bstatic -limf -lsvml -lirng -Bdynamic -lm -Bstatic -lipgo -ldecimal --as-needed -Bdynamic -lcilkrts -lstdc++ --no-as-needed -lgcc -lgcc_s -Bstatic -lirc -lsvml -Bdynamic -lc -lgcc -lgcc_s -Bstatic -lirc_s -Bdynamic -ldl -lc /usr/lib/gcc/x86_64-redhat-linux/4.8.5/crtend.o /usr/lib/gcc/x86_64-redhat-linux/4.8.5/../../../../lib64/crtn.o]
    arg [ld] ==> ignore
    arg [/usr/lib/gcc/x86_64-redhat-linux/4.8.5/../../../../lib64/crt1.o] ==> ignore
    arg [/usr/lib/gcc/x86_64-redhat-linux/4.8.5/../../../../lib64/crti.o] ==> ignore
    arg [/usr/lib/gcc/x86_64-redhat-linux/4.8.5/crtbegin.o] ==> ignore
    arg [-export-dynamic] ==> ignore
    arg [--eh-frame-hdr] ==> ignore
    arg [--build-id] ==> ignore
    arg [-dynamic-linker] ==> ignore
    arg [/lib64/ld-linux-x86-64.so.2] ==> ignore
    arg [-m] ==> ignore
    arg [elf_x86_64] ==> ignore
    arg [-o] ==> ignore
    arg [cmTC_29195] ==> ignore
    arg [-L/gpfs/opt/languages/python/2.7.13/lib] ==> dir [/gpfs/opt/languages/python/2.7.13/lib]
    arg [-L/gpfs/opt/libraries/libmpfr/3.1.5/lib] ==> dir [/gpfs/opt/libraries/libmpfr/3.1.5/lib]
    arg [-L/gpfs/opt/libraries/libgmp/6.1.2/lib] ==> dir [/gpfs/opt/libraries/libgmp/6.1.2/lib]
    arg [-L/gpfs/opt/compilers/intel/compilers_and_libraries_2017.4.196/linux/mkl/lib/intel64] ==> dir [/gpfs/opt/compilers/intel/compilers_and_libraries_2017.4.196/linux/mkl/lib/intel64]
    arg [-L/gpfs/opt/compilers/intel/compilers_and_libraries_2017.4.196/linux/mpi/intel64/lib] ==> dir [/gpfs/opt/compilers/intel/compilers_and_libraries_2017.4.196/linux/mpi/intel64/lib]
    arg [-L/gpfs/opt/compilers/intel/compilers_and_libraries_2017.4.196/linux/compiler/lib/intel64_lin] ==> dir [/gpfs/opt/compilers/intel/compilers_and_libraries_2017.4.196/linux/compiler/lib/intel64_lin]
    arg [-L/usr/lib/gcc/x86_64-redhat-linux/4.8.5/] ==> dir [/usr/lib/gcc/x86_64-redhat-linux/4.8.5/]
    arg [-L/usr/lib/gcc/x86_64-redhat-linux/4.8.5/../../../../lib64] ==> dir [/usr/lib/gcc/x86_64-redhat-linux/4.8.5/../../../../lib64]
    arg [-L/usr/lib/gcc/x86_64-redhat-linux/4.8.5/../../../../lib64/] ==> dir [/usr/lib/gcc/x86_64-redhat-linux/4.8.5/../../../../lib64/]
    arg [-L/lib/../lib64] ==> dir [/lib/../lib64]
    arg [-L/lib/../lib64/] ==> dir [/lib/../lib64/]
    arg [-L/usr/lib/../lib64] ==> dir [/usr/lib/../lib64]
    arg [-L/usr/lib/../lib64/] ==> dir [/usr/lib/../lib64/]
    arg [-L/gpfs/opt/languages/python/2.7.13/lib/] ==> dir [/gpfs/opt/languages/python/2.7.13/lib/]
    arg [-L/gpfs/opt/libraries/libmpfr/3.1.5/lib/] ==> dir [/gpfs/opt/libraries/libmpfr/3.1.5/lib/]
    arg [-L/gpfs/opt/libraries/libgmp/6.1.2/lib/] ==> dir [/gpfs/opt/libraries/libgmp/6.1.2/lib/]
    arg [-L/gpfs/opt/compilers/intel/compilers_and_libraries_2017.4.196/linux/mkl/lib/intel64/] ==> dir [/gpfs/opt/compilers/intel/compilers_and_libraries_2017.4.196/linux/mkl/lib/intel64/]
    arg [-L/gpfs/opt/compilers/intel/compilers_and_libraries_2017.4.196/linux/mpi/intel64/lib/] ==> dir [/gpfs/opt/compilers/intel/compilers_and_libraries_2017.4.196/linux/mpi/intel64/lib/]
    arg [-L/usr/lib/gcc/x86_64-redhat-linux/4.8.5/../../../] ==> dir [/usr/lib/gcc/x86_64-redhat-linux/4.8.5/../../../]
    arg [-L/lib64] ==> dir [/lib64]
    arg [-L/lib/] ==> dir [/lib/]
    arg [-L/usr/lib64] ==> dir [/usr/lib64]
    arg [-L/usr/lib] ==> dir [/usr/lib]
    arg [CMakeFiles/cmTC_29195.dir/CMakeCCompilerABI.c.o] ==> ignore
    arg [-Bdynamic] ==> ignore
    arg [-Bstatic] ==> ignore
    arg [-limf] ==> lib [imf]
    arg [-lsvml] ==> lib [svml]
    arg [-lirng] ==> lib [irng]
    arg [-Bdynamic] ==> ignore
    arg [-lm] ==> lib [m]
    arg [-Bstatic] ==> ignore
    arg [-lipgo] ==> lib [ipgo]
    arg [-ldecimal] ==> lib [decimal]
    arg [--as-needed] ==> ignore
    arg [-Bdynamic] ==> ignore
    arg [-lcilkrts] ==> lib [cilkrts]
    arg [-lstdc++] ==> lib [stdc++]
    arg [--no-as-needed] ==> ignore
    arg [-lgcc] ==> lib [gcc]
    arg [-lgcc_s] ==> lib [gcc_s]
    arg [-Bstatic] ==> ignore
    arg [-lirc] ==> lib [irc]
    arg [-lsvml] ==> lib [svml]
    arg [-Bdynamic] ==> ignore
    arg [-lc] ==> lib [c]
    arg [-lgcc] ==> lib [gcc]
    arg [-lgcc_s] ==> lib [gcc_s]
    arg [-Bstatic] ==> ignore
    arg [-lirc_s] ==> lib [irc_s]
    arg [-Bdynamic] ==> ignore
    arg [-ldl] ==> lib [dl]
    arg [-lc] ==> lib [c]
    arg [/usr/lib/gcc/x86_64-redhat-linux/4.8.5/crtend.o] ==> ignore
    arg [/usr/lib/gcc/x86_64-redhat-linux/4.8.5/../../../../lib64/crtn.o] ==> ignore
  collapse library dir [/gpfs/opt/languages/python/2.7.13/lib] ==> [/gpfs/opt/languages/python/2.7.13/lib]
  collapse library dir [/gpfs/opt/libraries/libmpfr/3.1.5/lib] ==> [/gpfs/opt/libraries/libmpfr/3.1.5/lib]
  collapse library dir [/gpfs/opt/libraries/libgmp/6.1.2/lib] ==> [/gpfs/opt/libraries/libgmp/6.1.2/lib]
  collapse library dir [/gpfs/opt/compilers/intel/compilers_and_libraries_2017.4.196/linux/mkl/lib/intel64] ==> [/gpfs/opt/compilers/intel/compilers_and_libraries_2017.4.196/linux/mkl/lib/intel64]
  collapse library dir [/gpfs/opt/compilers/intel/compilers_and_libraries_2017.4.196/linux/mpi/intel64/lib] ==> [/gpfs/opt/compilers/intel/compilers_and_libraries_2017.4.196/linux/mpi/intel64/lib]
  collapse library dir [/gpfs/opt/compilers/intel/compilers_and_libraries_2017.4.196/linux/compiler/lib/intel64_lin] ==> [/gpfs/opt/compilers/intel/compilers_and_libraries_2017.4.196/linux/compiler/lib/intel64_lin]
  collapse library dir [/usr/lib/gcc/x86_64-redhat-linux/4.8.5/] ==> [/usr/lib/gcc/x86_64-redhat-linux/4.8.5]
  collapse library dir [/usr/lib/gcc/x86_64-redhat-linux/4.8.5/../../../../lib64] ==> [/usr/lib64]
  collapse library dir [/usr/lib/gcc/x86_64-redhat-linux/4.8.5/../../../../lib64/] ==> [/usr/lib64]
  collapse library dir [/lib/../lib64] ==> [/lib64]
  collapse library dir [/lib/../lib64/] ==> [/lib64]
  collapse library dir [/usr/lib/../lib64] ==> [/usr/lib64]
  collapse library dir [/usr/lib/../lib64/] ==> [/usr/lib64]
  collapse library dir [/gpfs/opt/languages/python/2.7.13/lib/] ==> [/gpfs/opt/languages/python/2.7.13/lib]
  collapse library dir [/gpfs/opt/libraries/libmpfr/3.1.5/lib/] ==> [/gpfs/opt/libraries/libmpfr/3.1.5/lib]
  collapse library dir [/gpfs/opt/libraries/libgmp/6.1.2/lib/] ==> [/gpfs/opt/libraries/libgmp/6.1.2/lib]
  collapse library dir [/gpfs/opt/compilers/intel/compilers_and_libraries_2017.4.196/linux/mkl/lib/intel64/] ==> [/gpfs/opt/compilers/intel/compilers_and_libraries_2017.4.196/linux/mkl/lib/intel64]
  collapse library dir [/gpfs/opt/compilers/intel/compilers_and_libraries_2017.4.196/linux/mpi/intel64/lib/] ==> [/gpfs/opt/compilers/intel/compilers_and_libraries_2017.4.196/linux/mpi/intel64/lib]
  collapse library dir [/usr/lib/gcc/x86_64-redhat-linux/4.8.5/../../../] ==> [/usr/lib]
  collapse library dir [/lib64] ==> [/lib64]
  collapse library dir [/lib/] ==> [/lib]
  collapse library dir [/usr/lib64] ==> [/usr/lib64]
  collapse library dir [/usr/lib] ==> [/usr/lib]
  implicit libs: [imf;svml;irng;m;ipgo;decimal;cilkrts;stdc++;gcc;gcc_s;irc;svml;c;gcc;gcc_s;irc_s;dl;c]
  implicit dirs: [/gpfs/opt/languages/python/2.7.13/lib;/gpfs/opt/libraries/libmpfr/3.1.5/lib;/gpfs/opt/libraries/libgmp/6.1.2/lib;/gpfs/opt/compilers/intel/compilers_and_libraries_2017.4.196/linux/mkl/lib/intel64;/gpfs/opt/compilers/intel/compilers_and_libraries_2017.4.196/linux/mpi/intel64/lib;/gpfs/opt/compilers/intel/compilers_and_libraries_2017.4.196/linux/compiler/lib/intel64_lin;/usr/lib/gcc/x86_64-redhat-linux/4.8.5;/usr/lib64;/lib64;/usr/lib;/lib]
  implicit fwks: []




Detecting C [-std=c11] compiler features compiled with the following output:
Change Dir: /home/gattif/srclib/CArl/Cpp/bin/CMakeFiles/CMakeTmp

Run Build Command:"/usr/bin/gmake" "cmTC_f1ed7/fast"
/usr/bin/gmake -f CMakeFiles/cmTC_f1ed7.dir/build.make CMakeFiles/cmTC_f1ed7.dir/build
gmake[1]: Entering directory `/gpfs/home/gattif/srclib/CArl/Cpp/bin/CMakeFiles/CMakeTmp'
Building C object CMakeFiles/cmTC_f1ed7.dir/feature_tests.c.o
/gpfs/opt/compilers/intel/compilers_and_libraries_2017.4.196/linux/bin/intel64/icc   -std=c11 -o CMakeFiles/cmTC_f1ed7.dir/feature_tests.c.o   -c /home/gattif/srclib/CArl/Cpp/bin/CMakeFiles/feature_tests.c
Linking C executable cmTC_f1ed7
/gpfs/opt/tools/cmake/3.10.2/bin/cmake -E cmake_link_script CMakeFiles/cmTC_f1ed7.dir/link.txt --verbose=1
/gpfs/opt/compilers/intel/compilers_and_libraries_2017.4.196/linux/bin/intel64/icc      -rdynamic CMakeFiles/cmTC_f1ed7.dir/feature_tests.c.o  -o cmTC_f1ed7 
gmake[1]: Leaving directory `/gpfs/home/gattif/srclib/CArl/Cpp/bin/CMakeFiles/CMakeTmp'


    Feature record: C_FEATURE:1c_function_prototypes
    Feature record: C_FEATURE:1c_restrict
    Feature record: C_FEATURE:1c_static_assert
    Feature record: C_FEATURE:1c_variadic_macros


Detecting C [-std=c99] compiler features compiled with the following output:
Change Dir: /home/gattif/srclib/CArl/Cpp/bin/CMakeFiles/CMakeTmp

Run Build Command:"/usr/bin/gmake" "cmTC_6d2c8/fast"
/usr/bin/gmake -f CMakeFiles/cmTC_6d2c8.dir/build.make CMakeFiles/cmTC_6d2c8.dir/build
gmake[1]: Entering directory `/gpfs/home/gattif/srclib/CArl/Cpp/bin/CMakeFiles/CMakeTmp'
Building C object CMakeFiles/cmTC_6d2c8.dir/feature_tests.c.o
/gpfs/opt/compilers/intel/compilers_and_libraries_2017.4.196/linux/bin/intel64/icc   -std=c99 -o CMakeFiles/cmTC_6d2c8.dir/feature_tests.c.o   -c /home/gattif/srclib/CArl/Cpp/bin/CMakeFiles/feature_tests.c
Linking C executable cmTC_6d2c8
/gpfs/opt/tools/cmake/3.10.2/bin/cmake -E cmake_link_script CMakeFiles/cmTC_6d2c8.dir/link.txt --verbose=1
/gpfs/opt/compilers/intel/compilers_and_libraries_2017.4.196/linux/bin/intel64/icc      -rdynamic CMakeFiles/cmTC_6d2c8.dir/feature_tests.c.o  -o cmTC_6d2c8 
gmake[1]: Leaving directory `/gpfs/home/gattif/srclib/CArl/Cpp/bin/CMakeFiles/CMakeTmp'


    Feature record: C_FEATURE:1c_function_prototypes
    Feature record: C_FEATURE:1c_restrict
    Feature record: C_FEATURE:1c_static_assert
    Feature record: C_FEATURE:1c_variadic_macros


Detecting C [-std=c89] compiler features compiled with the following output:
Change Dir: /home/gattif/srclib/CArl/Cpp/bin/CMakeFiles/CMakeTmp

Run Build Command:"/usr/bin/gmake" "cmTC_f6528/fast"
/usr/bin/gmake -f CMakeFiles/cmTC_f6528.dir/build.make CMakeFiles/cmTC_f6528.dir/build
gmake[1]: Entering directory `/gpfs/home/gattif/srclib/CArl/Cpp/bin/CMakeFiles/CMakeTmp'
Building C object CMakeFiles/cmTC_f6528.dir/feature_tests.c.o
/gpfs/opt/compilers/intel/compilers_and_libraries_2017.4.196/linux/bin/intel64/icc   -std=c89 -o CMakeFiles/cmTC_f6528.dir/feature_tests.c.o   -c /home/gattif/srclib/CArl/Cpp/bin/CMakeFiles/feature_tests.c
Linking C executable cmTC_f6528
/gpfs/opt/tools/cmake/3.10.2/bin/cmake -E cmake_link_script CMakeFiles/cmTC_f6528.dir/link.txt --verbose=1
/gpfs/opt/compilers/intel/compilers_and_libraries_2017.4.196/linux/bin/intel64/icc      -rdynamic CMakeFiles/cmTC_f6528.dir/feature_tests.c.o  -o cmTC_f6528 
gmake[1]: Leaving directory `/gpfs/home/gattif/srclib/CArl/Cpp/bin/CMakeFiles/CMakeTmp'


    Feature record: C_FEATURE:1c_function_prototypes
    Feature record: C_FEATURE:0c_restrict
    Feature record: C_FEATURE:0c_static_assert
    Feature record: C_FEATURE:0c_variadic_macros
Determining if the CXX compiler works passed with the following output:
Change Dir: /home/gattif/srclib/CArl/Cpp/bin/CMakeFiles/CMakeTmp

Run Build Command:"/usr/bin/gmake" "cmTC_59b47/fast"
/usr/bin/gmake -f CMakeFiles/cmTC_59b47.dir/build.make CMakeFiles/cmTC_59b47.dir/build
gmake[1]: Entering directory `/gpfs/home/gattif/srclib/CArl/Cpp/bin/CMakeFiles/CMakeTmp'
Building CXX object CMakeFiles/cmTC_59b47.dir/testCXXCompiler.cxx.o
/gpfs/opt/compilers/intel/compilers_and_libraries_2017.4.196/linux/bin/intel64/icpc     -o CMakeFiles/cmTC_59b47.dir/testCXXCompiler.cxx.o -c /home/gattif/srclib/CArl/Cpp/bin/CMakeFiles/CMakeTmp/testCXXCompiler.cxx
Linking CXX executable cmTC_59b47
/gpfs/opt/tools/cmake/3.10.2/bin/cmake -E cmake_link_script CMakeFiles/cmTC_59b47.dir/link.txt --verbose=1
/gpfs/opt/compilers/intel/compilers_and_libraries_2017.4.196/linux/bin/intel64/icpc       -rdynamic CMakeFiles/cmTC_59b47.dir/testCXXCompiler.cxx.o  -o cmTC_59b47 
gmake[1]: Leaving directory `/gpfs/home/gattif/srclib/CArl/Cpp/bin/CMakeFiles/CMakeTmp'


Detecting CXX compiler ABI info compiled with the following output:
Change Dir: /home/gattif/srclib/CArl/Cpp/bin/CMakeFiles/CMakeTmp

Run Build Command:"/usr/bin/gmake" "cmTC_70104/fast"
/usr/bin/gmake -f CMakeFiles/cmTC_70104.dir/build.make CMakeFiles/cmTC_70104.dir/build
gmake[1]: Entering directory `/gpfs/home/gattif/srclib/CArl/Cpp/bin/CMakeFiles/CMakeTmp'
Building CXX object CMakeFiles/cmTC_70104.dir/CMakeCXXCompilerABI.cpp.o
/gpfs/opt/compilers/intel/compilers_and_libraries_2017.4.196/linux/bin/intel64/icpc     -o CMakeFiles/cmTC_70104.dir/CMakeCXXCompilerABI.cpp.o -c /gpfs/opt/tools/cmake/3.10.2/share/cmake-3.10/Modules/CMakeCXXCompilerABI.cpp
Linking CXX executable cmTC_70104
/gpfs/opt/tools/cmake/3.10.2/bin/cmake -E cmake_link_script CMakeFiles/cmTC_70104.dir/link.txt --verbose=1
/gpfs/opt/compilers/intel/compilers_and_libraries_2017.4.196/linux/bin/intel64/icpc      -v -rdynamic CMakeFiles/cmTC_70104.dir/CMakeCXXCompilerABI.cpp.o  -o cmTC_70104 
icpc version 17.0.4 (gcc version 4.8.5 compatibility)
/gpfs/opt/compilers/intel/compilers_and_libraries_2017.4.196/linux/bin/intel64/mcpcom    -mGLOB_em64t=TRUE -mP1OPT_version=17.0-intel64 -mGLOB_diag_enable_disable=D:cpu-dispatch -mGLOB_diag_file=CMakeFiles/cmTC_70104.dir/CMakeCXXCompilerABI.cpp.diag -mGLOB_long_size_64 -mGLOB_routine_pointer_size_64 -mP1OPT_print_version=FALSE -mCG_use_gas_got_workaround=F -mP2OPT_align_option_used=TRUE -mGLOB_gcc_version=485 "-mGLOB_options_string=-axCORE-AVX512,CORE-AVX2,AVX -diag-disable=cpu-dispatch -v -rdynamic -o cmTC_70104" -mGLOB_cxx_limited_range=FALSE -mCG_extend_parms=FALSE -mGLOB_compiler_bin_directory=/gpfs/opt/compilers/intel/compilers_and_libraries_2017.4.196/linux/bin/intel64 -mGLOB_as_output_backup_file_name=/tmp/icpcelzstFas_.s -mGLOB_dashboard_use_source_name -mIPOPT_activate -mGLOB_product_id_code=0x22006d8e -mGLOB_specialized_instructions=0xc800 -mIPOPT_auto_cpu_activate -mP3OPT_use_mspp_call_convention -mP2OPT_subs_out_of_bound=FALSE -mP2OPT_disam_type_based_disam=2 -mP2OPT_disam_assume_ansi_c -mP2OPT_checked_disam_ansi_alias=TRUE -mGLOB_ansi_alias -mPGOPTI_value_profile_use=T -mGLOB_opt_report_use_source_name -mP2OPT_il0_array_sections=TRUE -mGLOB_offload_mode=1 -mP2OPT_offload_unique_var_string=icpc1733353758pvScJT -mP2OPT_hlo -mP2OPT_hpo_rtt_control=0 -mIPOPT_args_in_regs=0 -mP2OPT_disam_assume_nonstd_intent_in=FALSE -mGLOB_imf_mapping_library=/gpfs/opt/compilers/intel/compilers_and_libraries_2017.4.196/linux/bin/intel64/libiml_attr.so -mPGOPTI_gen_threadsafe_level=0 -mIPOPT_link -mIPOPT_ipo_activate -mIPOPT_mo_activate -mIPOPT_source_files_list=/tmp/icpcslisYx7HuV -mIPOPT_mo_global_data -mIPOPT_link_script_file=/tmp/icpcscripterd8tv "-mIPOPT_cmdline_link="/usr/lib/gcc/x86_64-redhat-linux/4.8.5/../../../../lib64/crt1.o" "/usr/lib/gcc/x86_64-redhat-linux/4.8.5/../../../../lib64/crti.o" "/usr/lib/gcc/x86_64-redhat-linux/4.8.5/crtbegin.o" "-export-dynamic" "--eh-frame-hdr" "--build-id" "-dynamic-linker" "/lib64/ld-linux-x86-64.so.2" "-m" "elf_x86_64" "-o" "cmTC_70104" "-L/gpfs/opt/languages/python/2.7.13/lib" "-L/gpfs/opt/libraries/libmpfr/3.1.5/lib" "-L/gpfs/opt/libraries/libgmp/6.1.2/lib" "-L/gpfs/opt/compilers/intel/compilers_and_libraries_2017.4.196/linux/mkl/lib/intel64" "-L/gpfs/opt/compilers/intel/compilers_and_libraries_2017.4.196/linux/mpi/intel64/lib" "-L/gpfs/opt/compilers/intel/compilers_and_libraries_2017.4.196/linux/compiler/lib/intel64_lin" "-L/usr/lib/gcc/x86_64-redhat-linux/4.8.5/" "-L/usr/lib/gcc/x86_64-redhat-linux/4.8.5/../../../../lib64" "-L/usr/lib/gcc/x86_64-redhat-linux/4.8.5/../../../../lib64/" "-L/lib/../lib64" "-L/lib/../lib64/" "-L/usr/lib/../lib64" "-L/usr/lib/../lib64/" "-L/gpfs/opt/languages/python/2.7.13/lib/" "-L/gpfs/opt/libraries/libmpfr/3.1.5/lib/" "-L/gpfs/opt/libraries/libgmp/6.1.2/lib/" "-L/gpfs/opt/compilers/intel/compilers_and_libraries_2017.4.196/linux/mkl/lib/intel64/" "-L/gpfs/opt/compilers/intel/compilers_and_libraries_2017.4.196/linux/mpi/intel64/lib/" "-L/usr/lib/gcc/x86_64-redhat-linux/4.8.5/../../../" "-L/lib64" "-L/lib/" "-L/usr/lib64" "-L/usr/lib" "CMakeFiles/cmTC_70104.dir/CMakeCXXCompilerABI.cpp.o" "-Bdynamic" "-Bstatic" "-limf" "-lsvml" "-lirng" "-Bdynamic" "-lstdc++" "-lm" "-Bstatic" "-lipgo" "-ldecimal" "--as-needed" "-Bdynamic" "-lcilkrts" "--no-as-needed" "-lstdc++" "-lgcc" "-lgcc_s" "-Bstatic" "-lirc" "-lsvml" "-Bdynamic" "-lc" "-lgcc" "-lgcc_s" "-Bstatic" "-lirc_s" "-Bdynamic" "-ldl" "-lc" "/usr/lib/gcc/x86_64-redhat-linux/4.8.5/crtend.o" "/usr/lib/gcc/x86_64-redhat-linux/4.8.5/../../../../lib64/crtn.o"" -mIPOPT_il_in_obj -mIPOPT_ipo_activate_warn=FALSE -mIPOPT_obj_output_file_name=/tmp/ipo_icpc7POeyr.o -mIPOPT_whole_archive_fixup_file_name=/tmp/icpcwarch8J55tp -mGLOB_linker_version=2.25.1 -mGLOB_driver_tempfile_name=/tmp/icpctempfileKZIGuZ -mP3OPT_asm_target=P3OPT_ASM_TARGET_GAS -mGLOB_async_unwind_tables=TRUE -mGLOB_obj_output_file=/tmp/ipo_icpc7POeyr.o -mGLOB_source_dialect=GLOB_SOURCE_DIALECT_NONE -mP1OPT_source_file_name=ipo_out.c CMakeFiles/cmTC_70104.dir/CMakeCXXCompilerABI.cpp.o -mIPOPT_object_files=T -mIPOPT_assembly_files=/tmp/icpcalisVFj3wB -mIPOPT_generated_tempfiles=/tmp/icpcelisHoLswb -mIPOPT_embedded_object_base_name=/tmp/icpceobji3oSvL -mIPOPT_cmdline_link_new_name=/tmp/icpcllisQ89hvl
ld    /usr/lib/gcc/x86_64-redhat-linux/4.8.5/../../../../lib64/crt1.o /usr/lib/gcc/x86_64-redhat-linux/4.8.5/../../../../lib64/crti.o /usr/lib/gcc/x86_64-redhat-linux/4.8.5/crtbegin.o -export-dynamic --eh-frame-hdr --build-id -dynamic-linker /lib64/ld-linux-x86-64.so.2 -m elf_x86_64 -o cmTC_70104 -L/gpfs/opt/languages/python/2.7.13/lib -L/gpfs/opt/libraries/libmpfr/3.1.5/lib -L/gpfs/opt/libraries/libgmp/6.1.2/lib -L/gpfs/opt/compilers/intel/compilers_and_libraries_2017.4.196/linux/mkl/lib/intel64 -L/gpfs/opt/compilers/intel/compilers_and_libraries_2017.4.196/linux/mpi/intel64/lib -L/gpfs/opt/compilers/intel/compilers_and_libraries_2017.4.196/linux/compiler/lib/intel64_lin -L/usr/lib/gcc/x86_64-redhat-linux/4.8.5/ -L/usr/lib/gcc/x86_64-redhat-linux/4.8.5/../../../../lib64 -L/usr/lib/gcc/x86_64-redhat-linux/4.8.5/../../../../lib64/ -L/lib/../lib64 -L/lib/../lib64/ -L/usr/lib/../lib64 -L/usr/lib/../lib64/ -L/gpfs/opt/languages/python/2.7.13/lib/ -L/gpfs/opt/libraries/libmpfr/3.1.5/lib/ -L/gpfs/opt/libraries/libgmp/6.1.2/lib/ -L/gpfs/opt/compilers/intel/compilers_and_libraries_2017.4.196/linux/mkl/lib/intel64/ -L/gpfs/opt/compilers/intel/compilers_and_libraries_2017.4.196/linux/mpi/intel64/lib/ -L/usr/lib/gcc/x86_64-redhat-linux/4.8.5/../../../ -L/lib64 -L/lib/ -L/usr/lib64 -L/usr/lib CMakeFiles/cmTC_70104.dir/CMakeCXXCompilerABI.cpp.o -Bdynamic -Bstatic -limf -lsvml -lirng -Bdynamic -lstdc++ -lm -Bstatic -lipgo -ldecimal --as-needed -Bdynamic -lcilkrts --no-as-needed -lstdc++ -lgcc -lgcc_s -Bstatic -lirc -lsvml -Bdynamic -lc -lgcc -lgcc_s -Bstatic -lirc_s -Bdynamic -ldl -lc /usr/lib/gcc/x86_64-redhat-linux/4.8.5/crtend.o /usr/lib/gcc/x86_64-redhat-linux/4.8.5/../../../../lib64/crtn.o
gmake[1]: Leaving directory `/gpfs/home/gattif/srclib/CArl/Cpp/bin/CMakeFiles/CMakeTmp'


Parsed CXX implicit link information from above output:
  link line regex: [^( *|.*[/\])(ld|CMAKE_LINK_STARTFILE-NOTFOUND|([^/\]+-)?ld|collect2)[^/\]*( |$)]
  ignore line: [Change Dir: /home/gattif/srclib/CArl/Cpp/bin/CMakeFiles/CMakeTmp]
  ignore line: []
  ignore line: [Run Build Command:"/usr/bin/gmake" "cmTC_70104/fast"]
  ignore line: [/usr/bin/gmake -f CMakeFiles/cmTC_70104.dir/build.make CMakeFiles/cmTC_70104.dir/build]
  ignore line: [gmake[1]: Entering directory `/gpfs/home/gattif/srclib/CArl/Cpp/bin/CMakeFiles/CMakeTmp']
  ignore line: [Building CXX object CMakeFiles/cmTC_70104.dir/CMakeCXXCompilerABI.cpp.o]
  ignore line: [/gpfs/opt/compilers/intel/compilers_and_libraries_2017.4.196/linux/bin/intel64/icpc     -o CMakeFiles/cmTC_70104.dir/CMakeCXXCompilerABI.cpp.o -c /gpfs/opt/tools/cmake/3.10.2/share/cmake-3.10/Modules/CMakeCXXCompilerABI.cpp]
  ignore line: [Linking CXX executable cmTC_70104]
  ignore line: [/gpfs/opt/tools/cmake/3.10.2/bin/cmake -E cmake_link_script CMakeFiles/cmTC_70104.dir/link.txt --verbose=1]
  ignore line: [/gpfs/opt/compilers/intel/compilers_and_libraries_2017.4.196/linux/bin/intel64/icpc      -v -rdynamic CMakeFiles/cmTC_70104.dir/CMakeCXXCompilerABI.cpp.o  -o cmTC_70104 ]
  ignore line: [icpc version 17.0.4 (gcc version 4.8.5 compatibility)]
  ignore line: [/gpfs/opt/compilers/intel/compilers_and_libraries_2017.4.196/linux/bin/intel64/mcpcom    -mGLOB_em64t=TRUE -mP1OPT_version=17.0-intel64 -mGLOB_diag_enable_disable=D:cpu-dispatch -mGLOB_diag_file=CMakeFiles/cmTC_70104.dir/CMakeCXXCompilerABI.cpp.diag -mGLOB_long_size_64 -mGLOB_routine_pointer_size_64 -mP1OPT_print_version=FALSE -mCG_use_gas_got_workaround=F -mP2OPT_align_option_used=TRUE -mGLOB_gcc_version=485 "-mGLOB_options_string=-axCORE-AVX512,CORE-AVX2,AVX -diag-disable=cpu-dispatch -v -rdynamic -o cmTC_70104" -mGLOB_cxx_limited_range=FALSE -mCG_extend_parms=FALSE -mGLOB_compiler_bin_directory=/gpfs/opt/compilers/intel/compilers_and_libraries_2017.4.196/linux/bin/intel64 -mGLOB_as_output_backup_file_name=/tmp/icpcelzstFas_.s -mGLOB_dashboard_use_source_name -mIPOPT_activate -mGLOB_product_id_code=0x22006d8e -mGLOB_specialized_instructions=0xc800 -mIPOPT_auto_cpu_activate -mP3OPT_use_mspp_call_convention -mP2OPT_subs_out_of_bound=FALSE -mP2OPT_disam_type_based_disam=2 -mP2OPT_disam_assume_ansi_c -mP2OPT_checked_disam_ansi_alias=TRUE -mGLOB_ansi_alias -mPGOPTI_value_profile_use=T -mGLOB_opt_report_use_source_name -mP2OPT_il0_array_sections=TRUE -mGLOB_offload_mode=1 -mP2OPT_offload_unique_var_string=icpc1733353758pvScJT -mP2OPT_hlo -mP2OPT_hpo_rtt_control=0 -mIPOPT_args_in_regs=0 -mP2OPT_disam_assume_nonstd_intent_in=FALSE -mGLOB_imf_mapping_library=/gpfs/opt/compilers/intel/compilers_and_libraries_2017.4.196/linux/bin/intel64/libiml_attr.so -mPGOPTI_gen_threadsafe_level=0 -mIPOPT_link -mIPOPT_ipo_activate -mIPOPT_mo_activate -mIPOPT_source_files_list=/tmp/icpcslisYx7HuV -mIPOPT_mo_global_data -mIPOPT_link_script_file=/tmp/icpcscripterd8tv "-mIPOPT_cmdline_link="/usr/lib/gcc/x86_64-redhat-linux/4.8.5/../../../../lib64/crt1.o" "/usr/lib/gcc/x86_64-redhat-linux/4.8.5/../../../../lib64/crti.o" "/usr/lib/gcc/x86_64-redhat-linux/4.8.5/crtbegin.o" "-export-dynamic" "--eh-frame-hdr" "--build-id" "-dynamic-linker" "/lib64/ld-linux-x86-64.so.2" "-m" "elf_x86_64" "-o" "cmTC_70104" "-L/gpfs/opt/languages/python/2.7.13/lib" "-L/gpfs/opt/libraries/libmpfr/3.1.5/lib" "-L/gpfs/opt/libraries/libgmp/6.1.2/lib" "-L/gpfs/opt/compilers/intel/compilers_and_libraries_2017.4.196/linux/mkl/lib/intel64" "-L/gpfs/opt/compilers/intel/compilers_and_libraries_2017.4.196/linux/mpi/intel64/lib" "-L/gpfs/opt/compilers/intel/compilers_and_libraries_2017.4.196/linux/compiler/lib/intel64_lin" "-L/usr/lib/gcc/x86_64-redhat-linux/4.8.5/" "-L/usr/lib/gcc/x86_64-redhat-linux/4.8.5/../../../../lib64" "-L/usr/lib/gcc/x86_64-redhat-linux/4.8.5/../../../../lib64/" "-L/lib/../lib64" "-L/lib/../lib64/" "-L/usr/lib/../lib64" "-L/usr/lib/../lib64/" "-L/gpfs/opt/languages/python/2.7.13/lib/" "-L/gpfs/opt/libraries/libmpfr/3.1.5/lib/" "-L/gpfs/opt/libraries/libgmp/6.1.2/lib/" "-L/gpfs/opt/compilers/intel/compilers_and_libraries_2017.4.196/linux/mkl/lib/intel64/" "-L/gpfs/opt/compilers/intel/compilers_and_libraries_2017.4.196/linux/mpi/intel64/lib/" "-L/usr/lib/gcc/x86_64-redhat-linux/4.8.5/../../../" "-L/lib64" "-L/lib/" "-L/usr/lib64" "-L/usr/lib" "CMakeFiles/cmTC_70104.dir/CMakeCXXCompilerABI.cpp.o" "-Bdynamic" "-Bstatic" "-limf" "-lsvml" "-lirng" "-Bdynamic" "-lstdc++" "-lm" "-Bstatic" "-lipgo" "-ldecimal" "--as-needed" "-Bdynamic" "-lcilkrts" "--no-as-needed" "-lstdc++" "-lgcc" "-lgcc_s" "-Bstatic" "-lirc" "-lsvml" "-Bdynamic" "-lc" "-lgcc" "-lgcc_s" "-Bstatic" "-lirc_s" "-Bdynamic" "-ldl" "-lc" "/usr/lib/gcc/x86_64-redhat-linux/4.8.5/crtend.o" "/usr/lib/gcc/x86_64-redhat-linux/4.8.5/../../../../lib64/crtn.o"" -mIPOPT_il_in_obj -mIPOPT_ipo_activate_warn=FALSE -mIPOPT_obj_output_file_name=/tmp/ipo_icpc7POeyr.o -mIPOPT_whole_archive_fixup_file_name=/tmp/icpcwarch8J55tp -mGLOB_linker_version=2.25.1 -mGLOB_driver_tempfile_name=/tmp/icpctempfileKZIGuZ -mP3OPT_asm_target=P3OPT_ASM_TARGET_GAS -mGLOB_async_unwind_tables=TRUE -mGLOB_obj_output_file=/tmp/ipo_icpc7POeyr.o -mGLOB_source_dialect=GLOB_SOURCE_DIALECT_NONE -mP1OPT_source_file_name=ipo_out.c CMakeFiles/cmTC_70104.dir/CMakeCXXCompilerABI.cpp.o -mIPOPT_object_files=T -mIPOPT_assembly_files=/tmp/icpcalisVFj3wB -mIPOPT_generated_tempfiles=/tmp/icpcelisHoLswb -mIPOPT_embedded_object_base_name=/tmp/icpceobji3oSvL -mIPOPT_cmdline_link_new_name=/tmp/icpcllisQ89hvl]
  link line: [ld    /usr/lib/gcc/x86_64-redhat-linux/4.8.5/../../../../lib64/crt1.o /usr/lib/gcc/x86_64-redhat-linux/4.8.5/../../../../lib64/crti.o /usr/lib/gcc/x86_64-redhat-linux/4.8.5/crtbegin.o -export-dynamic --eh-frame-hdr --build-id -dynamic-linker /lib64/ld-linux-x86-64.so.2 -m elf_x86_64 -o cmTC_70104 -L/gpfs/opt/languages/python/2.7.13/lib -L/gpfs/opt/libraries/libmpfr/3.1.5/lib -L/gpfs/opt/libraries/libgmp/6.1.2/lib -L/gpfs/opt/compilers/intel/compilers_and_libraries_2017.4.196/linux/mkl/lib/intel64 -L/gpfs/opt/compilers/intel/compilers_and_libraries_2017.4.196/linux/mpi/intel64/lib -L/gpfs/opt/compilers/intel/compilers_and_libraries_2017.4.196/linux/compiler/lib/intel64_lin -L/usr/lib/gcc/x86_64-redhat-linux/4.8.5/ -L/usr/lib/gcc/x86_64-redhat-linux/4.8.5/../../../../lib64 -L/usr/lib/gcc/x86_64-redhat-linux/4.8.5/../../../../lib64/ -L/lib/../lib64 -L/lib/../lib64/ -L/usr/lib/../lib64 -L/usr/lib/../lib64/ -L/gpfs/opt/languages/python/2.7.13/lib/ -L/gpfs/opt/libraries/libmpfr/3.1.5/lib/ -L/gpfs/opt/libraries/libgmp/6.1.2/lib/ -L/gpfs/opt/compilers/intel/compilers_and_libraries_2017.4.196/linux/mkl/lib/intel64/ -L/gpfs/opt/compilers/intel/compilers_and_libraries_2017.4.196/linux/mpi/intel64/lib/ -L/usr/lib/gcc/x86_64-redhat-linux/4.8.5/../../../ -L/lib64 -L/lib/ -L/usr/lib64 -L/usr/lib CMakeFiles/cmTC_70104.dir/CMakeCXXCompilerABI.cpp.o -Bdynamic -Bstatic -limf -lsvml -lirng -Bdynamic -lstdc++ -lm -Bstatic -lipgo -ldecimal --as-needed -Bdynamic -lcilkrts --no-as-needed -lstdc++ -lgcc -lgcc_s -Bstatic -lirc -lsvml -Bdynamic -lc -lgcc -lgcc_s -Bstatic -lirc_s -Bdynamic -ldl -lc /usr/lib/gcc/x86_64-redhat-linux/4.8.5/crtend.o /usr/lib/gcc/x86_64-redhat-linux/4.8.5/../../../../lib64/crtn.o]
    arg [ld] ==> ignore
    arg [/usr/lib/gcc/x86_64-redhat-linux/4.8.5/../../../../lib64/crt1.o] ==> ignore
    arg [/usr/lib/gcc/x86_64-redhat-linux/4.8.5/../../../../lib64/crti.o] ==> ignore
    arg [/usr/lib/gcc/x86_64-redhat-linux/4.8.5/crtbegin.o] ==> ignore
    arg [-export-dynamic] ==> ignore
    arg [--eh-frame-hdr] ==> ignore
    arg [--build-id] ==> ignore
    arg [-dynamic-linker] ==> ignore
    arg [/lib64/ld-linux-x86-64.so.2] ==> ignore
    arg [-m] ==> ignore
    arg [elf_x86_64] ==> ignore
    arg [-o] ==> ignore
    arg [cmTC_70104] ==> ignore
    arg [-L/gpfs/opt/languages/python/2.7.13/lib] ==> dir [/gpfs/opt/languages/python/2.7.13/lib]
    arg [-L/gpfs/opt/libraries/libmpfr/3.1.5/lib] ==> dir [/gpfs/opt/libraries/libmpfr/3.1.5/lib]
    arg [-L/gpfs/opt/libraries/libgmp/6.1.2/lib] ==> dir [/gpfs/opt/libraries/libgmp/6.1.2/lib]
    arg [-L/gpfs/opt/compilers/intel/compilers_and_libraries_2017.4.196/linux/mkl/lib/intel64] ==> dir [/gpfs/opt/compilers/intel/compilers_and_libraries_2017.4.196/linux/mkl/lib/intel64]
    arg [-L/gpfs/opt/compilers/intel/compilers_and_libraries_2017.4.196/linux/mpi/intel64/lib] ==> dir [/gpfs/opt/compilers/intel/compilers_and_libraries_2017.4.196/linux/mpi/intel64/lib]
    arg [-L/gpfs/opt/compilers/intel/compilers_and_libraries_2017.4.196/linux/compiler/lib/intel64_lin] ==> dir [/gpfs/opt/compilers/intel/compilers_and_libraries_2017.4.196/linux/compiler/lib/intel64_lin]
    arg [-L/usr/lib/gcc/x86_64-redhat-linux/4.8.5/] ==> dir [/usr/lib/gcc/x86_64-redhat-linux/4.8.5/]
    arg [-L/usr/lib/gcc/x86_64-redhat-linux/4.8.5/../../../../lib64] ==> dir [/usr/lib/gcc/x86_64-redhat-linux/4.8.5/../../../../lib64]
    arg [-L/usr/lib/gcc/x86_64-redhat-linux/4.8.5/../../../../lib64/] ==> dir [/usr/lib/gcc/x86_64-redhat-linux/4.8.5/../../../../lib64/]
    arg [-L/lib/../lib64] ==> dir [/lib/../lib64]
    arg [-L/lib/../lib64/] ==> dir [/lib/../lib64/]
    arg [-L/usr/lib/../lib64] ==> dir [/usr/lib/../lib64]
    arg [-L/usr/lib/../lib64/] ==> dir [/usr/lib/../lib64/]
    arg [-L/gpfs/opt/languages/python/2.7.13/lib/] ==> dir [/gpfs/opt/languages/python/2.7.13/lib/]
    arg [-L/gpfs/opt/libraries/libmpfr/3.1.5/lib/] ==> dir [/gpfs/opt/libraries/libmpfr/3.1.5/lib/]
    arg [-L/gpfs/opt/libraries/libgmp/6.1.2/lib/] ==> dir [/gpfs/opt/libraries/libgmp/6.1.2/lib/]
    arg [-L/gpfs/opt/compilers/intel/compilers_and_libraries_2017.4.196/linux/mkl/lib/intel64/] ==> dir [/gpfs/opt/compilers/intel/compilers_and_libraries_2017.4.196/linux/mkl/lib/intel64/]
    arg [-L/gpfs/opt/compilers/intel/compilers_and_libraries_2017.4.196/linux/mpi/intel64/lib/] ==> dir [/gpfs/opt/compilers/intel/compilers_and_libraries_2017.4.196/linux/mpi/intel64/lib/]
    arg [-L/usr/lib/gcc/x86_64-redhat-linux/4.8.5/../../../] ==> dir [/usr/lib/gcc/x86_64-redhat-linux/4.8.5/../../../]
    arg [-L/lib64] ==> dir [/lib64]
    arg [-L/lib/] ==> dir [/lib/]
    arg [-L/usr/lib64] ==> dir [/usr/lib64]
    arg [-L/usr/lib] ==> dir [/usr/lib]
    arg [CMakeFiles/cmTC_70104.dir/CMakeCXXCompilerABI.cpp.o] ==> ignore
    arg [-Bdynamic] ==> ignore
    arg [-Bstatic] ==> ignore
    arg [-limf] ==> lib [imf]
    arg [-lsvml] ==> lib [svml]
    arg [-lirng] ==> lib [irng]
    arg [-Bdynamic] ==> ignore
    arg [-lstdc++] ==> lib [stdc++]
    arg [-lm] ==> lib [m]
    arg [-Bstatic] ==> ignore
    arg [-lipgo] ==> lib [ipgo]
    arg [-ldecimal] ==> lib [decimal]
    arg [--as-needed] ==> ignore
    arg [-Bdynamic] ==> ignore
    arg [-lcilkrts] ==> lib [cilkrts]
    arg [--no-as-needed] ==> ignore
    arg [-lstdc++] ==> lib [stdc++]
    arg [-lgcc] ==> lib [gcc]
    arg [-lgcc_s] ==> lib [gcc_s]
    arg [-Bstatic] ==> ignore
    arg [-lirc] ==> lib [irc]
    arg [-lsvml] ==> lib [svml]
    arg [-Bdynamic] ==> ignore
    arg [-lc] ==> lib [c]
    arg [-lgcc] ==> lib [gcc]
    arg [-lgcc_s] ==> lib [gcc_s]
    arg [-Bstatic] ==> ignore
    arg [-lirc_s] ==> lib [irc_s]
    arg [-Bdynamic] ==> ignore
    arg [-ldl] ==> lib [dl]
    arg [-lc] ==> lib [c]
    arg [/usr/lib/gcc/x86_64-redhat-linux/4.8.5/crtend.o] ==> ignore
    arg [/usr/lib/gcc/x86_64-redhat-linux/4.8.5/../../../../lib64/crtn.o] ==> ignore
  collapse library dir [/gpfs/opt/languages/python/2.7.13/lib] ==> [/gpfs/opt/languages/python/2.7.13/lib]
  collapse library dir [/gpfs/opt/libraries/libmpfr/3.1.5/lib] ==> [/gpfs/opt/libraries/libmpfr/3.1.5/lib]
  collapse library dir [/gpfs/opt/libraries/libgmp/6.1.2/lib] ==> [/gpfs/opt/libraries/libgmp/6.1.2/lib]
  collapse library dir [/gpfs/opt/compilers/intel/compilers_and_libraries_2017.4.196/linux/mkl/lib/intel64] ==> [/gpfs/opt/compilers/intel/compilers_and_libraries_2017.4.196/linux/mkl/lib/intel64]
  collapse library dir [/gpfs/opt/compilers/intel/compilers_and_libraries_2017.4.196/linux/mpi/intel64/lib] ==> [/gpfs/opt/compilers/intel/compilers_and_libraries_2017.4.196/linux/mpi/intel64/lib]
  collapse library dir [/gpfs/opt/compilers/intel/compilers_and_libraries_2017.4.196/linux/compiler/lib/intel64_lin] ==> [/gpfs/opt/compilers/intel/compilers_and_libraries_2017.4.196/linux/compiler/lib/intel64_lin]
  collapse library dir [/usr/lib/gcc/x86_64-redhat-linux/4.8.5/] ==> [/usr/lib/gcc/x86_64-redhat-linux/4.8.5]
  collapse library dir [/usr/lib/gcc/x86_64-redhat-linux/4.8.5/../../../../lib64] ==> [/usr/lib64]
  collapse library dir [/usr/lib/gcc/x86_64-redhat-linux/4.8.5/../../../../lib64/] ==> [/usr/lib64]
  collapse library dir [/lib/../lib64] ==> [/lib64]
  collapse library dir [/lib/../lib64/] ==> [/lib64]
  collapse library dir [/usr/lib/../lib64] ==> [/usr/lib64]
  collapse library dir [/usr/lib/../lib64/] ==> [/usr/lib64]
  collapse library dir [/gpfs/opt/languages/python/2.7.13/lib/] ==> [/gpfs/opt/languages/python/2.7.13/lib]
  collapse library dir [/gpfs/opt/libraries/libmpfr/3.1.5/lib/] ==> [/gpfs/opt/libraries/libmpfr/3.1.5/lib]
  collapse library dir [/gpfs/opt/libraries/libgmp/6.1.2/lib/] ==> [/gpfs/opt/libraries/libgmp/6.1.2/lib]
  collapse library dir [/gpfs/opt/compilers/intel/compilers_and_libraries_2017.4.196/linux/mkl/lib/intel64/] ==> [/gpfs/opt/compilers/intel/compilers_and_libraries_2017.4.196/linux/mkl/lib/intel64]
  collapse library dir [/gpfs/opt/compilers/intel/compilers_and_libraries_2017.4.196/linux/mpi/intel64/lib/] ==> [/gpfs/opt/compilers/intel/compilers_and_libraries_2017.4.196/linux/mpi/intel64/lib]
  collapse library dir [/usr/lib/gcc/x86_64-redhat-linux/4.8.5/../../../] ==> [/usr/lib]
  collapse library dir [/lib64] ==> [/lib64]
  collapse library dir [/lib/] ==> [/lib]
  collapse library dir [/usr/lib64] ==> [/usr/lib64]
  collapse library dir [/usr/lib] ==> [/usr/lib]
  implicit libs: [imf;svml;irng;stdc++;m;ipgo;decimal;cilkrts;stdc++;gcc;gcc_s;irc;svml;c;gcc;gcc_s;irc_s;dl;c]
  implicit dirs: [/gpfs/opt/languages/python/2.7.13/lib;/gpfs/opt/libraries/libmpfr/3.1.5/lib;/gpfs/opt/libraries/libgmp/6.1.2/lib;/gpfs/opt/compilers/intel/compilers_and_libraries_2017.4.196/linux/mkl/lib/intel64;/gpfs/opt/compilers/intel/compilers_and_libraries_2017.4.196/linux/mpi/intel64/lib;/gpfs/opt/compilers/intel/compilers_and_libraries_2017.4.196/linux/compiler/lib/intel64_lin;/usr/lib/gcc/x86_64-redhat-linux/4.8.5;/usr/lib64;/lib64;/usr/lib;/lib]
  implicit fwks: []




Detecting CXX [-std=c++14] compiler features compiled with the following output:
Change Dir: /home/gattif/srclib/CArl/Cpp/bin/CMakeFiles/CMakeTmp

Run Build Command:"/usr/bin/gmake" "cmTC_5fc03/fast"
/usr/bin/gmake -f CMakeFiles/cmTC_5fc03.dir/build.make CMakeFiles/cmTC_5fc03.dir/build
gmake[1]: Entering directory `/gpfs/home/gattif/srclib/CArl/Cpp/bin/CMakeFiles/CMakeTmp'
Building CXX object CMakeFiles/cmTC_5fc03.dir/feature_tests.cxx.o
/gpfs/opt/compilers/intel/compilers_and_libraries_2017.4.196/linux/bin/intel64/icpc    -std=c++14 -o CMakeFiles/cmTC_5fc03.dir/feature_tests.cxx.o -c /home/gattif/srclib/CArl/Cpp/bin/CMakeFiles/feature_tests.cxx
Linking CXX executable cmTC_5fc03
/gpfs/opt/tools/cmake/3.10.2/bin/cmake -E cmake_link_script CMakeFiles/cmTC_5fc03.dir/link.txt --verbose=1
/gpfs/opt/compilers/intel/compilers_and_libraries_2017.4.196/linux/bin/intel64/icpc       -rdynamic CMakeFiles/cmTC_5fc03.dir/feature_tests.cxx.o  -o cmTC_5fc03 
gmake[1]: Leaving directory `/gpfs/home/gattif/srclib/CArl/Cpp/bin/CMakeFiles/CMakeTmp'


    Feature record: CXX_FEATURE:1cxx_aggregate_default_initializers
    Feature record: CXX_FEATURE:1cxx_alias_templates
    Feature record: CXX_FEATURE:1cxx_alignas
    Feature record: CXX_FEATURE:1cxx_alignof
    Feature record: CXX_FEATURE:1cxx_attributes
    Feature record: CXX_FEATURE:1cxx_attribute_deprecated
    Feature record: CXX_FEATURE:1cxx_auto_type
    Feature record: CXX_FEATURE:1cxx_binary_literals
    Feature record: CXX_FEATURE:1cxx_constexpr
    Feature record: CXX_FEATURE:1cxx_contextual_conversions
    Feature record: CXX_FEATURE:1cxx_decltype
    Feature record: CXX_FEATURE:1cxx_decltype_auto
    Feature record: CXX_FEATURE:1cxx_decltype_incomplete_return_types
    Feature record: CXX_FEATURE:1cxx_default_function_template_args
    Feature record: CXX_FEATURE:1cxx_defaulted_functions
    Feature record: CXX_FEATURE:1cxx_defaulted_move_initializers
    Feature record: CXX_FEATURE:1cxx_delegating_constructors
    Feature record: CXX_FEATURE:1cxx_deleted_functions
    Feature record: CXX_FEATURE:1cxx_digit_separators
    Feature record: CXX_FEATURE:1cxx_enum_forward_declarations
    Feature record: CXX_FEATURE:1cxx_explicit_conversions
    Feature record: CXX_FEATURE:1cxx_extended_friend_declarations
    Feature record: CXX_FEATURE:1cxx_extern_templates
    Feature record: CXX_FEATURE:1cxx_final
    Feature record: CXX_FEATURE:1cxx_func_identifier
    Feature record: CXX_FEATURE:1cxx_generic_lambdas
    Feature record: CXX_FEATURE:1cxx_inheriting_constructors
    Feature record: CXX_FEATURE:1cxx_inline_namespaces
    Feature record: CXX_FEATURE:1cxx_lambdas
    Feature record: CXX_FEATURE:1cxx_lambda_init_captures
    Feature record: CXX_FEATURE:1cxx_local_type_template_args
    Feature record: CXX_FEATURE:1cxx_long_long_type
    Feature record: CXX_FEATURE:1cxx_noexcept
    Feature record: CXX_FEATURE:1cxx_nonstatic_member_init
    Feature record: CXX_FEATURE:1cxx_nullptr
    Feature record: CXX_FEATURE:1cxx_override
    Feature record: CXX_FEATURE:1cxx_range_for
    Feature record: CXX_FEATURE:1cxx_raw_string_literals
    Feature record: CXX_FEATURE:1cxx_reference_qualified_functions
    Feature record: CXX_FEATURE:1cxx_relaxed_constexpr
    Feature record: CXX_FEATURE:1cxx_return_type_deduction
    Feature record: CXX_FEATURE:1cxx_right_angle_brackets
    Feature record: CXX_FEATURE:1cxx_rvalue_references
    Feature record: CXX_FEATURE:1cxx_sizeof_member
    Feature record: CXX_FEATURE:1cxx_static_assert
    Feature record: CXX_FEATURE:1cxx_strong_enums
    Feature record: CXX_FEATURE:1cxx_template_template_parameters
    Feature record: CXX_FEATURE:1cxx_thread_local
    Feature record: CXX_FEATURE:1cxx_trailing_return_types
    Feature record: CXX_FEATURE:1cxx_unicode_literals
    Feature record: CXX_FEATURE:1cxx_uniform_initialization
    Feature record: CXX_FEATURE:1cxx_unrestricted_unions
    Feature record: CXX_FEATURE:1cxx_user_literals
    Feature record: CXX_FEATURE:1cxx_variable_templates
    Feature record: CXX_FEATURE:1cxx_variadic_macros
    Feature record: CXX_FEATURE:1cxx_variadic_templates


Detecting CXX [-std=c++11] compiler features compiled with the following output:
Change Dir: /home/gattif/srclib/CArl/Cpp/bin/CMakeFiles/CMakeTmp

Run Build Command:"/usr/bin/gmake" "cmTC_aa66f/fast"
/usr/bin/gmake -f CMakeFiles/cmTC_aa66f.dir/build.make CMakeFiles/cmTC_aa66f.dir/build
gmake[1]: Entering directory `/gpfs/home/gattif/srclib/CArl/Cpp/bin/CMakeFiles/CMakeTmp'
Building CXX object CMakeFiles/cmTC_aa66f.dir/feature_tests.cxx.o
/gpfs/opt/compilers/intel/compilers_and_libraries_2017.4.196/linux/bin/intel64/icpc    -std=c++11 -o CMakeFiles/cmTC_aa66f.dir/feature_tests.cxx.o -c /home/gattif/srclib/CArl/Cpp/bin/CMakeFiles/feature_tests.cxx
Linking CXX executable cmTC_aa66f
/gpfs/opt/tools/cmake/3.10.2/bin/cmake -E cmake_link_script CMakeFiles/cmTC_aa66f.dir/link.txt --verbose=1
/gpfs/opt/compilers/intel/compilers_and_libraries_2017.4.196/linux/bin/intel64/icpc       -rdynamic CMakeFiles/cmTC_aa66f.dir/feature_tests.cxx.o  -o cmTC_aa66f 
gmake[1]: Leaving directory `/gpfs/home/gattif/srclib/CArl/Cpp/bin/CMakeFiles/CMakeTmp'


    Feature record: CXX_FEATURE:0cxx_aggregate_default_initializers
    Feature record: CXX_FEATURE:1cxx_alias_templates
    Feature record: CXX_FEATURE:1cxx_alignas
    Feature record: CXX_FEATURE:1cxx_alignof
    Feature record: CXX_FEATURE:1cxx_attributes
    Feature record: CXX_FEATURE:0cxx_attribute_deprecated
    Feature record: CXX_FEATURE:1cxx_auto_type
    Feature record: CXX_FEATURE:1cxx_binary_literals
    Feature record: CXX_FEATURE:1cxx_constexpr
    Feature record: CXX_FEATURE:0cxx_contextual_conversions
    Feature record: CXX_FEATURE:1cxx_decltype
    Feature record: CXX_FEATURE:0cxx_decltype_auto
    Feature record: CXX_FEATURE:1cxx_decltype_incomplete_return_types
    Feature record: CXX_FEATURE:1cxx_default_function_template_args
    Feature record: CXX_FEATURE:1cxx_defaulted_functions
    Feature record: CXX_FEATURE:1cxx_defaulted_move_initializers
    Feature record: CXX_FEATURE:1cxx_delegating_constructors
    Feature record: CXX_FEATURE:1cxx_deleted_functions
    Feature record: CXX_FEATURE:0cxx_digit_separators
    Feature record: CXX_FEATURE:1cxx_enum_forward_declarations
    Feature record: CXX_FEATURE:1cxx_explicit_conversions
    Feature record: CXX_FEATURE:1cxx_extended_friend_declarations
    Feature record: CXX_FEATURE:1cxx_extern_templates
    Feature record: CXX_FEATURE:1cxx_final
    Feature record: CXX_FEATURE:1cxx_func_identifier
    Feature record: CXX_FEATURE:0cxx_generic_lambdas
    Feature record: CXX_FEATURE:1cxx_inheriting_constructors
    Feature record: CXX_FEATURE:1cxx_inline_namespaces
    Feature record: CXX_FEATURE:1cxx_lambdas
    Feature record: CXX_FEATURE:0cxx_lambda_init_captures
    Feature record: CXX_FEATURE:1cxx_local_type_template_args
    Feature record: CXX_FEATURE:1cxx_long_long_type
    Feature record: CXX_FEATURE:1cxx_noexcept
    Feature record: CXX_FEATURE:1cxx_nonstatic_member_init
    Feature record: CXX_FEATURE:1cxx_nullptr
    Feature record: CXX_FEATURE:1cxx_override
    Feature record: CXX_FEATURE:1cxx_range_for
    Feature record: CXX_FEATURE:1cxx_raw_string_literals
    Feature record: CXX_FEATURE:1cxx_reference_qualified_functions
    Feature record: CXX_FEATURE:0cxx_relaxed_constexpr
    Feature record: CXX_FEATURE:1cxx_return_type_deduction
    Feature record: CXX_FEATURE:1cxx_right_angle_brackets
    Feature record: CXX_FEATURE:1cxx_rvalue_references
    Feature record: CXX_FEATURE:1cxx_sizeof_member
    Feature record: CXX_FEATURE:1cxx_static_assert
    Feature record: CXX_FEATURE:1cxx_strong_enums
    Feature record: CXX_FEATURE:1cxx_template_template_parameters
    Feature record: CXX_FEATURE:1cxx_thread_local
    Feature record: CXX_FEATURE:1cxx_trailing_return_types
    Feature record: CXX_FEATURE:1cxx_unicode_literals
    Feature record: CXX_FEATURE:1cxx_uniform_initialization
    Feature record: CXX_FEATURE:1cxx_unrestricted_unions
    Feature record: CXX_FEATURE:1cxx_user_literals
    Feature record: CXX_FEATURE:0cxx_variable_templates
    Feature record: CXX_FEATURE:1cxx_variadic_macros
    Feature record: CXX_FEATURE:1cxx_variadic_templates


Detecting CXX [-std=c++98] compiler features compiled with the following output:
Change Dir: /home/gattif/srclib/CArl/Cpp/bin/CMakeFiles/CMakeTmp

Run Build Command:"/usr/bin/gmake" "cmTC_cf640/fast"
/usr/bin/gmake -f CMakeFiles/cmTC_cf640.dir/build.make CMakeFiles/cmTC_cf640.dir/build
gmake[1]: Entering directory `/gpfs/home/gattif/srclib/CArl/Cpp/bin/CMakeFiles/CMakeTmp'
Building CXX object CMakeFiles/cmTC_cf640.dir/feature_tests.cxx.o
/gpfs/opt/compilers/intel/compilers_and_libraries_2017.4.196/linux/bin/intel64/icpc    -std=c++98 -o CMakeFiles/cmTC_cf640.dir/feature_tests.cxx.o -c /home/gattif/srclib/CArl/Cpp/bin/CMakeFiles/feature_tests.cxx
Linking CXX executable cmTC_cf640
/gpfs/opt/tools/cmake/3.10.2/bin/cmake -E cmake_link_script CMakeFiles/cmTC_cf640.dir/link.txt --verbose=1
/gpfs/opt/compilers/intel/compilers_and_libraries_2017.4.196/linux/bin/intel64/icpc       -rdynamic CMakeFiles/cmTC_cf640.dir/feature_tests.cxx.o  -o cmTC_cf640 
gmake[1]: Leaving directory `/gpfs/home/gattif/srclib/CArl/Cpp/bin/CMakeFiles/CMakeTmp'


    Feature record: CXX_FEATURE:0cxx_aggregate_default_initializers
    Feature record: CXX_FEATURE:0cxx_alias_templates
    Feature record: CXX_FEATURE:0cxx_alignas
    Feature record: CXX_FEATURE:0cxx_alignof
    Feature record: CXX_FEATURE:0cxx_attributes
    Feature record: CXX_FEATURE:0cxx_attribute_deprecated
    Feature record: CXX_FEATURE:0cxx_auto_type
    Feature record: CXX_FEATURE:1cxx_binary_literals
    Feature record: CXX_FEATURE:0cxx_constexpr
    Feature record: CXX_FEATURE:0cxx_contextual_conversions
    Feature record: CXX_FEATURE:0cxx_decltype
    Feature record: CXX_FEATURE:0cxx_decltype_auto
    Feature record: CXX_FEATURE:0cxx_decltype_incomplete_return_types
    Feature record: CXX_FEATURE:0cxx_default_function_template_args
    Feature record: CXX_FEATURE:0cxx_defaulted_functions
    Feature record: CXX_FEATURE:0cxx_defaulted_move_initializers
    Feature record: CXX_FEATURE:0cxx_delegating_constructors
    Feature record: CXX_FEATURE:0cxx_deleted_functions
    Feature record: CXX_FEATURE:0cxx_digit_separators
    Feature record: CXX_FEATURE:0cxx_enum_forward_declarations
    Feature record: CXX_FEATURE:0cxx_explicit_conversions
    Feature record: CXX_FEATURE:0cxx_extended_friend_declarations
    Feature record: CXX_FEATURE:0cxx_extern_templates
    Feature record: CXX_FEATURE:0cxx_final
    Feature record: CXX_FEATURE:0cxx_func_identifier
    Feature record: CXX_FEATURE:0cxx_generic_lambdas
    Feature record: CXX_FEATURE:0cxx_inheriting_constructors
    Feature record: CXX_FEATURE:0cxx_inline_namespaces
    Feature record: CXX_FEATURE:0cxx_lambdas
    Feature record: CXX_FEATURE:0cxx_lambda_init_captures
    Feature record: CXX_FEATURE:0cxx_local_type_template_args
    Feature record: CXX_FEATURE:0cxx_long_long_type
    Feature record: CXX_FEATURE:0cxx_noexcept
    Feature record: CXX_FEATURE:0cxx_nonstatic_member_init
    Feature record: CXX_FEATURE:0cxx_nullptr
    Feature record: CXX_FEATURE:0cxx_override
    Feature record: CXX_FEATURE:0cxx_range_for
    Feature record: CXX_FEATURE:0cxx_raw_string_literals
    Feature record: CXX_FEATURE:0cxx_reference_qualified_functions
    Feature record: CXX_FEATURE:0cxx_relaxed_constexpr
    Feature record: CXX_FEATURE:0cxx_return_type_deduction
    Feature record: CXX_FEATURE:0cxx_right_angle_brackets
    Feature record: CXX_FEATURE:0cxx_rvalue_references
    Feature record: CXX_FEATURE:0cxx_sizeof_member
    Feature record: CXX_FEATURE:0cxx_static_assert
    Feature record: CXX_FEATURE:0cxx_strong_enums
    Feature record: CXX_FEATURE:0cxx_template_template_parameters
    Feature record: CXX_FEATURE:0cxx_thread_local
    Feature record: CXX_FEATURE:0cxx_trailing_return_types
    Feature record: CXX_FEATURE:0cxx_unicode_literals
    Feature record: CXX_FEATURE:0cxx_uniform_initialization
    Feature record: CXX_FEATURE:0cxx_unrestricted_unions
    Feature record: CXX_FEATURE:0cxx_user_literals
    Feature record: CXX_FEATURE:0cxx_variable_templates
    Feature record: CXX_FEATURE:0cxx_variadic_macros
    Feature record: CXX_FEATURE:0cxx_variadic_templates
Determining if the include file pthread.h exists passed with the following output:
Change Dir: /home/gattif/srclib/CArl/Cpp/bin/CMakeFiles/CMakeTmp

Run Build Command:"/usr/bin/gmake" "cmTC_2082b/fast"
/usr/bin/gmake -f CMakeFiles/cmTC_2082b.dir/build.make CMakeFiles/cmTC_2082b.dir/build
gmake[1]: Entering directory `/gpfs/home/gattif/srclib/CArl/Cpp/bin/CMakeFiles/CMakeTmp'
Building C object CMakeFiles/cmTC_2082b.dir/CheckIncludeFile.c.o
/gpfs/opt/compilers/intel/compilers_and_libraries_2017.4.196/linux/bin/intel64/icc    -o CMakeFiles/cmTC_2082b.dir/CheckIncludeFile.c.o   -c /home/gattif/srclib/CArl/Cpp/bin/CMakeFiles/CMakeTmp/CheckIncludeFile.c
Linking C executable cmTC_2082b
/gpfs/opt/tools/cmake/3.10.2/bin/cmake -E cmake_link_script CMakeFiles/cmTC_2082b.dir/link.txt --verbose=1
/gpfs/opt/compilers/intel/compilers_and_libraries_2017.4.196/linux/bin/intel64/icc      -rdynamic CMakeFiles/cmTC_2082b.dir/CheckIncludeFile.c.o  -o cmTC_2082b 
gmake[1]: Leaving directory `/gpfs/home/gattif/srclib/CArl/Cpp/bin/CMakeFiles/CMakeTmp'


Determining if the function pthread_create exists in the pthread passed with the following output:
Change Dir: /home/gattif/srclib/CArl/Cpp/bin/CMakeFiles/CMakeTmp

Run Build Command:"/usr/bin/gmake" "cmTC_128b9/fast"
/usr/bin/gmake -f CMakeFiles/cmTC_128b9.dir/build.make CMakeFiles/cmTC_128b9.dir/build
gmake[1]: Entering directory `/gpfs/home/gattif/srclib/CArl/Cpp/bin/CMakeFiles/CMakeTmp'
Building C object CMakeFiles/cmTC_128b9.dir/CheckFunctionExists.c.o
/gpfs/opt/compilers/intel/compilers_and_libraries_2017.4.196/linux/bin/intel64/icc   -DCHECK_FUNCTION_EXISTS=pthread_create   -o CMakeFiles/cmTC_128b9.dir/CheckFunctionExists.c.o   -c /gpfs/opt/tools/cmake/3.10.2/share/cmake-3.10/Modules/CheckFunctionExists.c
Linking C executable cmTC_128b9
/gpfs/opt/tools/cmake/3.10.2/bin/cmake -E cmake_link_script CMakeFiles/cmTC_128b9.dir/link.txt --verbose=1
/gpfs/opt/compilers/intel/compilers_and_libraries_2017.4.196/linux/bin/intel64/icc  -DCHECK_FUNCTION_EXISTS=pthread_create    -rdynamic CMakeFiles/cmTC_128b9.dir/CheckFunctionExists.c.o  -o cmTC_128b9 -lpthread 
gmake[1]: Leaving directory `/gpfs/home/gattif/srclib/CArl/Cpp/bin/CMakeFiles/CMakeTmp'


