The system is: Darwin - 14.5.0 - x86_64
Compiling the C compiler identification source file "CMakeCCompilerId.c" succeeded.
Compiler: /opt/local/libexec/openmpi-mp/mpicc 
Build flags: 
Id flags: 

The output was:
0


Compilation of the C compiler identification source "CMakeCCompilerId.c" produced "a.out"

The C compiler identification is AppleClang, found in "/Users/breubreubreu/Programming/CArl/Cpp/Ext_solver_CArl/Release/CMakeFiles/3.7.2/CompilerIdC/a.out"

Compiling the CXX compiler identification source file "CMakeCXXCompilerId.cpp" succeeded.
Compiler: /opt/local/libexec/openmpi-mp/mpicxx 
Build flags: 
Id flags: 

The output was:
0


Compilation of the CXX compiler identification source "CMakeCXXCompilerId.cpp" produced "a.out"

The CXX compiler identification is AppleClang, found in "/Users/breubreubreu/Programming/CArl/Cpp/Ext_solver_CArl/Release/CMakeFiles/3.7.2/CompilerIdCXX/a.out"

Determining if the C compiler works passed with the following output:
Change Dir: /Users/breubreubreu/Programming/CArl/Cpp/Ext_solver_CArl/Release/CMakeFiles/CMakeTmp

Run Build Command:"/usr/bin/make" "cmTC_a4f35/fast"
/Applications/Xcode.app/Contents/Developer/usr/bin/make -f CMakeFiles/cmTC_a4f35.dir/build.make CMakeFiles/cmTC_a4f35.dir/build
Building C object CMakeFiles/cmTC_a4f35.dir/testCCompiler.c.o
/opt/local/libexec/openmpi-mp/mpicc     -o CMakeFiles/cmTC_a4f35.dir/testCCompiler.c.o   -c /Users/breubreubreu/Programming/CArl/Cpp/Ext_solver_CArl/Release/CMakeFiles/CMakeTmp/testCCompiler.c
Linking C executable cmTC_a4f35
/opt/local/bin/cmake -E cmake_link_script CMakeFiles/cmTC_a4f35.dir/link.txt --verbose=1
/opt/local/libexec/openmpi-mp/mpicc    -Wl,-search_paths_first -Wl,-headerpad_max_install_names   CMakeFiles/cmTC_a4f35.dir/testCCompiler.c.o  -o cmTC_a4f35  


Detecting C compiler ABI info compiled with the following output:
Change Dir: /Users/breubreubreu/Programming/CArl/Cpp/Ext_solver_CArl/Release/CMakeFiles/CMakeTmp

Run Build Command:"/usr/bin/make" "cmTC_4dfbe/fast"
/Applications/Xcode.app/Contents/Developer/usr/bin/make -f CMakeFiles/cmTC_4dfbe.dir/build.make CMakeFiles/cmTC_4dfbe.dir/build
Building C object CMakeFiles/cmTC_4dfbe.dir/CMakeCCompilerABI.c.o
/opt/local/libexec/openmpi-mp/mpicc     -o CMakeFiles/cmTC_4dfbe.dir/CMakeCCompilerABI.c.o   -c /opt/local/share/cmake-3.7/Modules/CMakeCCompilerABI.c
Linking C executable cmTC_4dfbe
/opt/local/bin/cmake -E cmake_link_script CMakeFiles/cmTC_4dfbe.dir/link.txt --verbose=1
/opt/local/libexec/openmpi-mp/mpicc    -Wl,-search_paths_first -Wl,-headerpad_max_install_names  -v -Wl,-v CMakeFiles/cmTC_4dfbe.dir/CMakeCCompilerABI.c.o  -o cmTC_4dfbe   
Apple LLVM version 7.0.0 (clang-700.0.72)
Target: x86_64-apple-darwin14.5.0
Thread model: posix
 "/Applications/Xcode.app/Contents/Developer/Toolchains/XcodeDefault.xctoolchain/usr/bin/ld" -demangle -dynamic -arch x86_64 -macosx_version_min 10.10.0 -o cmTC_4dfbe -L/opt/local/lib/openmpi-mp -search_paths_first -headerpad_max_install_names -v CMakeFiles/cmTC_4dfbe.dir/CMakeCCompilerABI.c.o -lmpi -lSystem /Applications/Xcode.app/Contents/Developer/Toolchains/XcodeDefault.xctoolchain/usr/bin/../lib/clang/7.0.0/lib/darwin/libclang_rt.osx.a
@(#)PROGRAM:ld  PROJECT:ld64-253.3.3
configured to support archs: armv6 armv7 armv7s arm64 i386 x86_64 x86_64h armv6m armv7k armv7m armv7em
Library search paths:
	/opt/local/lib/openmpi-mp
	/usr/lib
	/usr/local/lib
Framework search paths:
	/Library/Frameworks/
	/System/Library/Frameworks/


Parsed C implicit link information from above output:
  link line regex: [^( *|.*[/\])(ld|([^/\]+-)?ld|collect2)[^/\]*( |$)]
  ignore line: [Change Dir: /Users/breubreubreu/Programming/CArl/Cpp/Ext_solver_CArl/Release/CMakeFiles/CMakeTmp]
  ignore line: []
  ignore line: [Run Build Command:"/usr/bin/make" "cmTC_4dfbe/fast"]
  ignore line: [/Applications/Xcode.app/Contents/Developer/usr/bin/make -f CMakeFiles/cmTC_4dfbe.dir/build.make CMakeFiles/cmTC_4dfbe.dir/build]
  ignore line: [Building C object CMakeFiles/cmTC_4dfbe.dir/CMakeCCompilerABI.c.o]
  ignore line: [/opt/local/libexec/openmpi-mp/mpicc     -o CMakeFiles/cmTC_4dfbe.dir/CMakeCCompilerABI.c.o   -c /opt/local/share/cmake-3.7/Modules/CMakeCCompilerABI.c]
  ignore line: [Linking C executable cmTC_4dfbe]
  ignore line: [/opt/local/bin/cmake -E cmake_link_script CMakeFiles/cmTC_4dfbe.dir/link.txt --verbose=1]
  ignore line: [/opt/local/libexec/openmpi-mp/mpicc    -Wl,-search_paths_first -Wl,-headerpad_max_install_names  -v -Wl,-v CMakeFiles/cmTC_4dfbe.dir/CMakeCCompilerABI.c.o  -o cmTC_4dfbe   ]
  ignore line: [Apple LLVM version 7.0.0 (clang-700.0.72)]
  ignore line: [Target: x86_64-apple-darwin14.5.0]
  ignore line: [Thread model: posix]
  link line: [ "/Applications/Xcode.app/Contents/Developer/Toolchains/XcodeDefault.xctoolchain/usr/bin/ld" -demangle -dynamic -arch x86_64 -macosx_version_min 10.10.0 -o cmTC_4dfbe -L/opt/local/lib/openmpi-mp -search_paths_first -headerpad_max_install_names -v CMakeFiles/cmTC_4dfbe.dir/CMakeCCompilerABI.c.o -lmpi -lSystem /Applications/Xcode.app/Contents/Developer/Toolchains/XcodeDefault.xctoolchain/usr/bin/../lib/clang/7.0.0/lib/darwin/libclang_rt.osx.a]
    arg [/Applications/Xcode.app/Contents/Developer/Toolchains/XcodeDefault.xctoolchain/usr/bin/ld] ==> ignore
    arg [-demangle] ==> ignore
    arg [-dynamic] ==> ignore
    arg [-arch] ==> ignore
    arg [x86_64] ==> ignore
    arg [-macosx_version_min] ==> ignore
    arg [10.10.0] ==> ignore
    arg [-o] ==> ignore
    arg [cmTC_4dfbe] ==> ignore
    arg [-L/opt/local/lib/openmpi-mp] ==> dir [/opt/local/lib/openmpi-mp]
    arg [-search_paths_first] ==> ignore
    arg [-headerpad_max_install_names] ==> ignore
    arg [-v] ==> ignore
    arg [CMakeFiles/cmTC_4dfbe.dir/CMakeCCompilerABI.c.o] ==> ignore
    arg [-lmpi] ==> lib [mpi]
    arg [-lSystem] ==> lib [System]
    arg [/Applications/Xcode.app/Contents/Developer/Toolchains/XcodeDefault.xctoolchain/usr/bin/../lib/clang/7.0.0/lib/darwin/libclang_rt.osx.a] ==> lib [/Applications/Xcode.app/Contents/Developer/Toolchains/XcodeDefault.xctoolchain/usr/bin/../lib/clang/7.0.0/lib/darwin/libclang_rt.osx.a]
  Library search paths: [;/opt/local/lib/openmpi-mp;/usr/lib;/usr/local/lib]
  Framework search paths: [;/Library/Frameworks/;/System/Library/Frameworks/]
  remove lib [System]
  remove lib [/Applications/Xcode.app/Contents/Developer/Toolchains/XcodeDefault.xctoolchain/usr/bin/../lib/clang/7.0.0/lib/darwin/libclang_rt.osx.a]
  collapse library dir [/opt/local/lib/openmpi-mp] ==> [/opt/local/lib/openmpi-mp]
  collapse library dir [/opt/local/lib/openmpi-mp] ==> [/opt/local/lib/openmpi-mp]
  collapse library dir [/usr/lib] ==> [/usr/lib]
  collapse library dir [/usr/local/lib] ==> [/usr/local/lib]
  collapse framework dir [/Library/Frameworks/] ==> [/Library/Frameworks]
  collapse framework dir [/System/Library/Frameworks/] ==> [/System/Library/Frameworks]
  implicit libs: [mpi]
  implicit dirs: [/opt/local/lib/openmpi-mp;/usr/lib;/usr/local/lib]
  implicit fwks: [/Library/Frameworks;/System/Library/Frameworks]




Detecting C [-std=c11] compiler features compiled with the following output:
Change Dir: /Users/breubreubreu/Programming/CArl/Cpp/Ext_solver_CArl/Release/CMakeFiles/CMakeTmp

Run Build Command:"/usr/bin/make" "cmTC_f5c39/fast"
/Applications/Xcode.app/Contents/Developer/usr/bin/make -f CMakeFiles/cmTC_f5c39.dir/build.make CMakeFiles/cmTC_f5c39.dir/build
Building C object CMakeFiles/cmTC_f5c39.dir/feature_tests.c.o
/opt/local/libexec/openmpi-mp/mpicc    -std=c11 -o CMakeFiles/cmTC_f5c39.dir/feature_tests.c.o   -c /Users/breubreubreu/Programming/CArl/Cpp/Ext_solver_CArl/Release/CMakeFiles/feature_tests.c
Linking C executable cmTC_f5c39
/opt/local/bin/cmake -E cmake_link_script CMakeFiles/cmTC_f5c39.dir/link.txt --verbose=1
/opt/local/libexec/openmpi-mp/mpicc    -Wl,-search_paths_first -Wl,-headerpad_max_install_names   CMakeFiles/cmTC_f5c39.dir/feature_tests.c.o  -o cmTC_f5c39  


    Feature record: C_FEATURE:1c_function_prototypes
    Feature record: C_FEATURE:1c_restrict
    Feature record: C_FEATURE:1c_static_assert
    Feature record: C_FEATURE:1c_variadic_macros


Detecting C [-std=c99] compiler features compiled with the following output:
Change Dir: /Users/breubreubreu/Programming/CArl/Cpp/Ext_solver_CArl/Release/CMakeFiles/CMakeTmp

Run Build Command:"/usr/bin/make" "cmTC_1dbdb/fast"
/Applications/Xcode.app/Contents/Developer/usr/bin/make -f CMakeFiles/cmTC_1dbdb.dir/build.make CMakeFiles/cmTC_1dbdb.dir/build
Building C object CMakeFiles/cmTC_1dbdb.dir/feature_tests.c.o
/opt/local/libexec/openmpi-mp/mpicc    -std=c99 -o CMakeFiles/cmTC_1dbdb.dir/feature_tests.c.o   -c /Users/breubreubreu/Programming/CArl/Cpp/Ext_solver_CArl/Release/CMakeFiles/feature_tests.c
Linking C executable cmTC_1dbdb
/opt/local/bin/cmake -E cmake_link_script CMakeFiles/cmTC_1dbdb.dir/link.txt --verbose=1
/opt/local/libexec/openmpi-mp/mpicc    -Wl,-search_paths_first -Wl,-headerpad_max_install_names   CMakeFiles/cmTC_1dbdb.dir/feature_tests.c.o  -o cmTC_1dbdb  


    Feature record: C_FEATURE:1c_function_prototypes
    Feature record: C_FEATURE:1c_restrict
    Feature record: C_FEATURE:0c_static_assert
    Feature record: C_FEATURE:1c_variadic_macros


Detecting C [-std=c90] compiler features compiled with the following output:
Change Dir: /Users/breubreubreu/Programming/CArl/Cpp/Ext_solver_CArl/Release/CMakeFiles/CMakeTmp

Run Build Command:"/usr/bin/make" "cmTC_c7691/fast"
/Applications/Xcode.app/Contents/Developer/usr/bin/make -f CMakeFiles/cmTC_c7691.dir/build.make CMakeFiles/cmTC_c7691.dir/build
Building C object CMakeFiles/cmTC_c7691.dir/feature_tests.c.o
/opt/local/libexec/openmpi-mp/mpicc    -std=c90 -o CMakeFiles/cmTC_c7691.dir/feature_tests.c.o   -c /Users/breubreubreu/Programming/CArl/Cpp/Ext_solver_CArl/Release/CMakeFiles/feature_tests.c
Linking C executable cmTC_c7691
/opt/local/bin/cmake -E cmake_link_script CMakeFiles/cmTC_c7691.dir/link.txt --verbose=1
/opt/local/libexec/openmpi-mp/mpicc    -Wl,-search_paths_first -Wl,-headerpad_max_install_names   CMakeFiles/cmTC_c7691.dir/feature_tests.c.o  -o cmTC_c7691  


    Feature record: C_FEATURE:1c_function_prototypes
    Feature record: C_FEATURE:0c_restrict
    Feature record: C_FEATURE:0c_static_assert
    Feature record: C_FEATURE:0c_variadic_macros
Determining if the CXX compiler works passed with the following output:
Change Dir: /Users/breubreubreu/Programming/CArl/Cpp/Ext_solver_CArl/Release/CMakeFiles/CMakeTmp

Run Build Command:"/usr/bin/make" "cmTC_7784a/fast"
/Applications/Xcode.app/Contents/Developer/usr/bin/make -f CMakeFiles/cmTC_7784a.dir/build.make CMakeFiles/cmTC_7784a.dir/build
Building CXX object CMakeFiles/cmTC_7784a.dir/testCXXCompiler.cxx.o
/opt/local/libexec/openmpi-mp/mpicxx      -o CMakeFiles/cmTC_7784a.dir/testCXXCompiler.cxx.o -c /Users/breubreubreu/Programming/CArl/Cpp/Ext_solver_CArl/Release/CMakeFiles/CMakeTmp/testCXXCompiler.cxx
Linking CXX executable cmTC_7784a
/opt/local/bin/cmake -E cmake_link_script CMakeFiles/cmTC_7784a.dir/link.txt --verbose=1
/opt/local/libexec/openmpi-mp/mpicxx     -Wl,-search_paths_first -Wl,-headerpad_max_install_names   CMakeFiles/cmTC_7784a.dir/testCXXCompiler.cxx.o  -o cmTC_7784a  


Detecting CXX compiler ABI info compiled with the following output:
Change Dir: /Users/breubreubreu/Programming/CArl/Cpp/Ext_solver_CArl/Release/CMakeFiles/CMakeTmp

Run Build Command:"/usr/bin/make" "cmTC_0481b/fast"
/Applications/Xcode.app/Contents/Developer/usr/bin/make -f CMakeFiles/cmTC_0481b.dir/build.make CMakeFiles/cmTC_0481b.dir/build
Building CXX object CMakeFiles/cmTC_0481b.dir/CMakeCXXCompilerABI.cpp.o
/opt/local/libexec/openmpi-mp/mpicxx      -o CMakeFiles/cmTC_0481b.dir/CMakeCXXCompilerABI.cpp.o -c /opt/local/share/cmake-3.7/Modules/CMakeCXXCompilerABI.cpp
Linking CXX executable cmTC_0481b
/opt/local/bin/cmake -E cmake_link_script CMakeFiles/cmTC_0481b.dir/link.txt --verbose=1
/opt/local/libexec/openmpi-mp/mpicxx     -Wl,-search_paths_first -Wl,-headerpad_max_install_names  -v -Wl,-v CMakeFiles/cmTC_0481b.dir/CMakeCXXCompilerABI.cpp.o  -o cmTC_0481b   
Apple LLVM version 7.0.0 (clang-700.0.72)
Target: x86_64-apple-darwin14.5.0
Thread model: posix
 "/Applications/Xcode.app/Contents/Developer/Toolchains/XcodeDefault.xctoolchain/usr/bin/ld" -demangle -dynamic -arch x86_64 -macosx_version_min 10.10.0 -o cmTC_0481b -L/opt/local/lib/openmpi-mp -search_paths_first -headerpad_max_install_names -v CMakeFiles/cmTC_0481b.dir/CMakeCXXCompilerABI.cpp.o -lmpi_cxx -lmpi -lc++ -lSystem /Applications/Xcode.app/Contents/Developer/Toolchains/XcodeDefault.xctoolchain/usr/bin/../lib/clang/7.0.0/lib/darwin/libclang_rt.osx.a
@(#)PROGRAM:ld  PROJECT:ld64-253.3.3
configured to support archs: armv6 armv7 armv7s arm64 i386 x86_64 x86_64h armv6m armv7k armv7m armv7em
Library search paths:
	/opt/local/lib/openmpi-mp
	/usr/lib
	/usr/local/lib
Framework search paths:
	/Library/Frameworks/
	/System/Library/Frameworks/


Parsed CXX implicit link information from above output:
  link line regex: [^( *|.*[/\])(ld|([^/\]+-)?ld|collect2)[^/\]*( |$)]
  ignore line: [Change Dir: /Users/breubreubreu/Programming/CArl/Cpp/Ext_solver_CArl/Release/CMakeFiles/CMakeTmp]
  ignore line: []
  ignore line: [Run Build Command:"/usr/bin/make" "cmTC_0481b/fast"]
  ignore line: [/Applications/Xcode.app/Contents/Developer/usr/bin/make -f CMakeFiles/cmTC_0481b.dir/build.make CMakeFiles/cmTC_0481b.dir/build]
  ignore line: [Building CXX object CMakeFiles/cmTC_0481b.dir/CMakeCXXCompilerABI.cpp.o]
  ignore line: [/opt/local/libexec/openmpi-mp/mpicxx      -o CMakeFiles/cmTC_0481b.dir/CMakeCXXCompilerABI.cpp.o -c /opt/local/share/cmake-3.7/Modules/CMakeCXXCompilerABI.cpp]
  ignore line: [Linking CXX executable cmTC_0481b]
  ignore line: [/opt/local/bin/cmake -E cmake_link_script CMakeFiles/cmTC_0481b.dir/link.txt --verbose=1]
  ignore line: [/opt/local/libexec/openmpi-mp/mpicxx     -Wl,-search_paths_first -Wl,-headerpad_max_install_names  -v -Wl,-v CMakeFiles/cmTC_0481b.dir/CMakeCXXCompilerABI.cpp.o  -o cmTC_0481b   ]
  ignore line: [Apple LLVM version 7.0.0 (clang-700.0.72)]
  ignore line: [Target: x86_64-apple-darwin14.5.0]
  ignore line: [Thread model: posix]
  link line: [ "/Applications/Xcode.app/Contents/Developer/Toolchains/XcodeDefault.xctoolchain/usr/bin/ld" -demangle -dynamic -arch x86_64 -macosx_version_min 10.10.0 -o cmTC_0481b -L/opt/local/lib/openmpi-mp -search_paths_first -headerpad_max_install_names -v CMakeFiles/cmTC_0481b.dir/CMakeCXXCompilerABI.cpp.o -lmpi_cxx -lmpi -lc++ -lSystem /Applications/Xcode.app/Contents/Developer/Toolchains/XcodeDefault.xctoolchain/usr/bin/../lib/clang/7.0.0/lib/darwin/libclang_rt.osx.a]
    arg [/Applications/Xcode.app/Contents/Developer/Toolchains/XcodeDefault.xctoolchain/usr/bin/ld] ==> ignore
    arg [-demangle] ==> ignore
    arg [-dynamic] ==> ignore
    arg [-arch] ==> ignore
    arg [x86_64] ==> ignore
    arg [-macosx_version_min] ==> ignore
    arg [10.10.0] ==> ignore
    arg [-o] ==> ignore
    arg [cmTC_0481b] ==> ignore
    arg [-L/opt/local/lib/openmpi-mp] ==> dir [/opt/local/lib/openmpi-mp]
    arg [-search_paths_first] ==> ignore
    arg [-headerpad_max_install_names] ==> ignore
    arg [-v] ==> ignore
    arg [CMakeFiles/cmTC_0481b.dir/CMakeCXXCompilerABI.cpp.o] ==> ignore
    arg [-lmpi_cxx] ==> lib [mpi_cxx]
    arg [-lmpi] ==> lib [mpi]
    arg [-lc++] ==> lib [c++]
    arg [-lSystem] ==> lib [System]
    arg [/Applications/Xcode.app/Contents/Developer/Toolchains/XcodeDefault.xctoolchain/usr/bin/../lib/clang/7.0.0/lib/darwin/libclang_rt.osx.a] ==> lib [/Applications/Xcode.app/Contents/Developer/Toolchains/XcodeDefault.xctoolchain/usr/bin/../lib/clang/7.0.0/lib/darwin/libclang_rt.osx.a]
  Library search paths: [;/opt/local/lib/openmpi-mp;/usr/lib;/usr/local/lib]
  Framework search paths: [;/Library/Frameworks/;/System/Library/Frameworks/]
  remove lib [System]
  remove lib [/Applications/Xcode.app/Contents/Developer/Toolchains/XcodeDefault.xctoolchain/usr/bin/../lib/clang/7.0.0/lib/darwin/libclang_rt.osx.a]
  collapse library dir [/opt/local/lib/openmpi-mp] ==> [/opt/local/lib/openmpi-mp]
  collapse library dir [/opt/local/lib/openmpi-mp] ==> [/opt/local/lib/openmpi-mp]
  collapse library dir [/usr/lib] ==> [/usr/lib]
  collapse library dir [/usr/local/lib] ==> [/usr/local/lib]
  collapse framework dir [/Library/Frameworks/] ==> [/Library/Frameworks]
  collapse framework dir [/System/Library/Frameworks/] ==> [/System/Library/Frameworks]
  implicit libs: [mpi_cxx;mpi;c++]
  implicit dirs: [/opt/local/lib/openmpi-mp;/usr/lib;/usr/local/lib]
  implicit fwks: [/Library/Frameworks;/System/Library/Frameworks]




Detecting CXX [-std=c++14] compiler features compiled with the following output:
Change Dir: /Users/breubreubreu/Programming/CArl/Cpp/Ext_solver_CArl/Release/CMakeFiles/CMakeTmp

Run Build Command:"/usr/bin/make" "cmTC_0f5bc/fast"
/Applications/Xcode.app/Contents/Developer/usr/bin/make -f CMakeFiles/cmTC_0f5bc.dir/build.make CMakeFiles/cmTC_0f5bc.dir/build
Building CXX object CMakeFiles/cmTC_0f5bc.dir/feature_tests.cxx.o
/opt/local/libexec/openmpi-mp/mpicxx     -std=c++14 -o CMakeFiles/cmTC_0f5bc.dir/feature_tests.cxx.o -c /Users/breubreubreu/Programming/CArl/Cpp/Ext_solver_CArl/Release/CMakeFiles/feature_tests.cxx
Linking CXX executable cmTC_0f5bc
/opt/local/bin/cmake -E cmake_link_script CMakeFiles/cmTC_0f5bc.dir/link.txt --verbose=1
/opt/local/libexec/openmpi-mp/mpicxx     -Wl,-search_paths_first -Wl,-headerpad_max_install_names   CMakeFiles/cmTC_0f5bc.dir/feature_tests.cxx.o  -o cmTC_0f5bc  


    Feature record: CXX_FEATURE:1cxx_aggregate_default_initializers
    Feature record: CXX_FEATURE:1cxx_alias_templates
    Feature record: CXX_FEATURE:1cxx_alignas
    Feature record: CXX_FEATURE:1cxx_alignof
    Feature record: CXX_FEATURE:1cxx_attributes
    Feature record: CXX_FEATURE:1cxx_attribute_deprecated
    Feature record: CXX_FEATURE:1cxx_auto_type
    Feature record: CXX_FEATURE:1cxx_binary_literals
    Feature record: CXX_FEATURE:1cxx_constexpr
    Feature record: CXX_FEATURE:1cxx_contextual_conversions
    Feature record: CXX_FEATURE:1cxx_decltype
    Feature record: CXX_FEATURE:1cxx_decltype_auto
    Feature record: CXX_FEATURE:1cxx_decltype_incomplete_return_types
    Feature record: CXX_FEATURE:1cxx_default_function_template_args
    Feature record: CXX_FEATURE:1cxx_defaulted_functions
    Feature record: CXX_FEATURE:1cxx_defaulted_move_initializers
    Feature record: CXX_FEATURE:1cxx_delegating_constructors
    Feature record: CXX_FEATURE:1cxx_deleted_functions
    Feature record: CXX_FEATURE:1cxx_digit_separators
    Feature record: CXX_FEATURE:1cxx_enum_forward_declarations
    Feature record: CXX_FEATURE:1cxx_explicit_conversions
    Feature record: CXX_FEATURE:1cxx_extended_friend_declarations
    Feature record: CXX_FEATURE:1cxx_extern_templates
    Feature record: CXX_FEATURE:1cxx_final
    Feature record: CXX_FEATURE:1cxx_func_identifier
    Feature record: CXX_FEATURE:1cxx_generalized_initializers
    Feature record: CXX_FEATURE:1cxx_generic_lambdas
    Feature record: CXX_FEATURE:1cxx_inheriting_constructors
    Feature record: CXX_FEATURE:1cxx_inline_namespaces
    Feature record: CXX_FEATURE:1cxx_lambdas
    Feature record: CXX_FEATURE:1cxx_lambda_init_captures
    Feature record: CXX_FEATURE:1cxx_local_type_template_args
    Feature record: CXX_FEATURE:1cxx_long_long_type
    Feature record: CXX_FEATURE:1cxx_noexcept
    Feature record: CXX_FEATURE:1cxx_nonstatic_member_init
    Feature record: CXX_FEATURE:1cxx_nullptr
    Feature record: CXX_FEATURE:1cxx_override
    Feature record: CXX_FEATURE:1cxx_range_for
    Feature record: CXX_FEATURE:1cxx_raw_string_literals
    Feature record: CXX_FEATURE:1cxx_reference_qualified_functions
    Feature record: CXX_FEATURE:1cxx_relaxed_constexpr
    Feature record: CXX_FEATURE:1cxx_return_type_deduction
    Feature record: CXX_FEATURE:1cxx_right_angle_brackets
    Feature record: CXX_FEATURE:1cxx_rvalue_references
    Feature record: CXX_FEATURE:1cxx_sizeof_member
    Feature record: CXX_FEATURE:1cxx_static_assert
    Feature record: CXX_FEATURE:1cxx_strong_enums
    Feature record: CXX_FEATURE:1cxx_template_template_parameters
    Feature record: CXX_FEATURE:0cxx_thread_local
    Feature record: CXX_FEATURE:1cxx_trailing_return_types
    Feature record: CXX_FEATURE:1cxx_unicode_literals
    Feature record: CXX_FEATURE:1cxx_uniform_initialization
    Feature record: CXX_FEATURE:1cxx_unrestricted_unions
    Feature record: CXX_FEATURE:1cxx_user_literals
    Feature record: CXX_FEATURE:1cxx_variable_templates
    Feature record: CXX_FEATURE:1cxx_variadic_macros
    Feature record: CXX_FEATURE:1cxx_variadic_templates


Detecting CXX [-std=c++11] compiler features compiled with the following output:
Change Dir: /Users/breubreubreu/Programming/CArl/Cpp/Ext_solver_CArl/Release/CMakeFiles/CMakeTmp

Run Build Command:"/usr/bin/make" "cmTC_d0fc2/fast"
/Applications/Xcode.app/Contents/Developer/usr/bin/make -f CMakeFiles/cmTC_d0fc2.dir/build.make CMakeFiles/cmTC_d0fc2.dir/build
Building CXX object CMakeFiles/cmTC_d0fc2.dir/feature_tests.cxx.o
/opt/local/libexec/openmpi-mp/mpicxx     -std=c++11 -o CMakeFiles/cmTC_d0fc2.dir/feature_tests.cxx.o -c /Users/breubreubreu/Programming/CArl/Cpp/Ext_solver_CArl/Release/CMakeFiles/feature_tests.cxx
Linking CXX executable cmTC_d0fc2
/opt/local/bin/cmake -E cmake_link_script CMakeFiles/cmTC_d0fc2.dir/link.txt --verbose=1
/opt/local/libexec/openmpi-mp/mpicxx     -Wl,-search_paths_first -Wl,-headerpad_max_install_names   CMakeFiles/cmTC_d0fc2.dir/feature_tests.cxx.o  -o cmTC_d0fc2  


    Feature record: CXX_FEATURE:0cxx_aggregate_default_initializers
    Feature record: CXX_FEATURE:1cxx_alias_templates
    Feature record: CXX_FEATURE:1cxx_alignas
    Feature record: CXX_FEATURE:1cxx_alignof
    Feature record: CXX_FEATURE:1cxx_attributes
    Feature record: CXX_FEATURE:0cxx_attribute_deprecated
    Feature record: CXX_FEATURE:1cxx_auto_type
    Feature record: CXX_FEATURE:0cxx_binary_literals
    Feature record: CXX_FEATURE:1cxx_constexpr
    Feature record: CXX_FEATURE:0cxx_contextual_conversions
    Feature record: CXX_FEATURE:1cxx_decltype
    Feature record: CXX_FEATURE:0cxx_decltype_auto
    Feature record: CXX_FEATURE:1cxx_decltype_incomplete_return_types
    Feature record: CXX_FEATURE:1cxx_default_function_template_args
    Feature record: CXX_FEATURE:1cxx_defaulted_functions
    Feature record: CXX_FEATURE:1cxx_defaulted_move_initializers
    Feature record: CXX_FEATURE:1cxx_delegating_constructors
    Feature record: CXX_FEATURE:1cxx_deleted_functions
    Feature record: CXX_FEATURE:0cxx_digit_separators
    Feature record: CXX_FEATURE:1cxx_enum_forward_declarations
    Feature record: CXX_FEATURE:1cxx_explicit_conversions
    Feature record: CXX_FEATURE:1cxx_extended_friend_declarations
    Feature record: CXX_FEATURE:1cxx_extern_templates
    Feature record: CXX_FEATURE:1cxx_final
    Feature record: CXX_FEATURE:1cxx_func_identifier
    Feature record: CXX_FEATURE:1cxx_generalized_initializers
    Feature record: CXX_FEATURE:0cxx_generic_lambdas
    Feature record: CXX_FEATURE:1cxx_inheriting_constructors
    Feature record: CXX_FEATURE:1cxx_inline_namespaces
    Feature record: CXX_FEATURE:1cxx_lambdas
    Feature record: CXX_FEATURE:0cxx_lambda_init_captures
    Feature record: CXX_FEATURE:1cxx_local_type_template_args
    Feature record: CXX_FEATURE:1cxx_long_long_type
    Feature record: CXX_FEATURE:1cxx_noexcept
    Feature record: CXX_FEATURE:1cxx_nonstatic_member_init
    Feature record: CXX_FEATURE:1cxx_nullptr
    Feature record: CXX_FEATURE:1cxx_override
    Feature record: CXX_FEATURE:1cxx_range_for
    Feature record: CXX_FEATURE:1cxx_raw_string_literals
    Feature record: CXX_FEATURE:1cxx_reference_qualified_functions
    Feature record: CXX_FEATURE:0cxx_relaxed_constexpr
    Feature record: CXX_FEATURE:0cxx_return_type_deduction
    Feature record: CXX_FEATURE:1cxx_right_angle_brackets
    Feature record: CXX_FEATURE:1cxx_rvalue_references
    Feature record: CXX_FEATURE:1cxx_sizeof_member
    Feature record: CXX_FEATURE:1cxx_static_assert
    Feature record: CXX_FEATURE:1cxx_strong_enums
    Feature record: CXX_FEATURE:1cxx_template_template_parameters
    Feature record: CXX_FEATURE:0cxx_thread_local
    Feature record: CXX_FEATURE:1cxx_trailing_return_types
    Feature record: CXX_FEATURE:1cxx_unicode_literals
    Feature record: CXX_FEATURE:1cxx_uniform_initialization
    Feature record: CXX_FEATURE:1cxx_unrestricted_unions
    Feature record: CXX_FEATURE:1cxx_user_literals
    Feature record: CXX_FEATURE:0cxx_variable_templates
    Feature record: CXX_FEATURE:1cxx_variadic_macros
    Feature record: CXX_FEATURE:1cxx_variadic_templates


Detecting CXX [-std=c++98] compiler features compiled with the following output:
Change Dir: /Users/breubreubreu/Programming/CArl/Cpp/Ext_solver_CArl/Release/CMakeFiles/CMakeTmp

Run Build Command:"/usr/bin/make" "cmTC_de5c5/fast"
/Applications/Xcode.app/Contents/Developer/usr/bin/make -f CMakeFiles/cmTC_de5c5.dir/build.make CMakeFiles/cmTC_de5c5.dir/build
Building CXX object CMakeFiles/cmTC_de5c5.dir/feature_tests.cxx.o
/opt/local/libexec/openmpi-mp/mpicxx     -std=c++98 -o CMakeFiles/cmTC_de5c5.dir/feature_tests.cxx.o -c /Users/breubreubreu/Programming/CArl/Cpp/Ext_solver_CArl/Release/CMakeFiles/feature_tests.cxx
Linking CXX executable cmTC_de5c5
/opt/local/bin/cmake -E cmake_link_script CMakeFiles/cmTC_de5c5.dir/link.txt --verbose=1
/opt/local/libexec/openmpi-mp/mpicxx     -Wl,-search_paths_first -Wl,-headerpad_max_install_names   CMakeFiles/cmTC_de5c5.dir/feature_tests.cxx.o  -o cmTC_de5c5  


    Feature record: CXX_FEATURE:0cxx_aggregate_default_initializers
    Feature record: CXX_FEATURE:0cxx_alias_templates
    Feature record: CXX_FEATURE:0cxx_alignas
    Feature record: CXX_FEATURE:0cxx_alignof
    Feature record: CXX_FEATURE:0cxx_attributes
    Feature record: CXX_FEATURE:0cxx_attribute_deprecated
    Feature record: CXX_FEATURE:0cxx_auto_type
    Feature record: CXX_FEATURE:0cxx_binary_literals
    Feature record: CXX_FEATURE:0cxx_constexpr
    Feature record: CXX_FEATURE:0cxx_contextual_conversions
    Feature record: CXX_FEATURE:0cxx_decltype
    Feature record: CXX_FEATURE:0cxx_decltype_auto
    Feature record: CXX_FEATURE:0cxx_decltype_incomplete_return_types
    Feature record: CXX_FEATURE:0cxx_default_function_template_args
    Feature record: CXX_FEATURE:0cxx_defaulted_functions
    Feature record: CXX_FEATURE:0cxx_defaulted_move_initializers
    Feature record: CXX_FEATURE:0cxx_delegating_constructors
    Feature record: CXX_FEATURE:0cxx_deleted_functions
    Feature record: CXX_FEATURE:0cxx_digit_separators
    Feature record: CXX_FEATURE:0cxx_enum_forward_declarations
    Feature record: CXX_FEATURE:0cxx_explicit_conversions
    Feature record: CXX_FEATURE:0cxx_extended_friend_declarations
    Feature record: CXX_FEATURE:0cxx_extern_templates
    Feature record: CXX_FEATURE:0cxx_final
    Feature record: CXX_FEATURE:0cxx_func_identifier
    Feature record: CXX_FEATURE:0cxx_generalized_initializers
    Feature record: CXX_FEATURE:0cxx_generic_lambdas
    Feature record: CXX_FEATURE:0cxx_inheriting_constructors
    Feature record: CXX_FEATURE:0cxx_inline_namespaces
    Feature record: CXX_FEATURE:0cxx_lambdas
    Feature record: CXX_FEATURE:0cxx_lambda_init_captures
    Feature record: CXX_FEATURE:0cxx_local_type_template_args
    Feature record: CXX_FEATURE:0cxx_long_long_type
    Feature record: CXX_FEATURE:0cxx_noexcept
    Feature record: CXX_FEATURE:0cxx_nonstatic_member_init
    Feature record: CXX_FEATURE:0cxx_nullptr
    Feature record: CXX_FEATURE:0cxx_override
    Feature record: CXX_FEATURE:0cxx_range_for
    Feature record: CXX_FEATURE:0cxx_raw_string_literals
    Feature record: CXX_FEATURE:0cxx_reference_qualified_functions
    Feature record: CXX_FEATURE:0cxx_relaxed_constexpr
    Feature record: CXX_FEATURE:0cxx_return_type_deduction
    Feature record: CXX_FEATURE:0cxx_right_angle_brackets
    Feature record: CXX_FEATURE:0cxx_rvalue_references
    Feature record: CXX_FEATURE:0cxx_sizeof_member
    Feature record: CXX_FEATURE:0cxx_static_assert
    Feature record: CXX_FEATURE:0cxx_strong_enums
    Feature record: CXX_FEATURE:1cxx_template_template_parameters
    Feature record: CXX_FEATURE:0cxx_thread_local
    Feature record: CXX_FEATURE:0cxx_trailing_return_types
    Feature record: CXX_FEATURE:0cxx_unicode_literals
    Feature record: CXX_FEATURE:0cxx_uniform_initialization
    Feature record: CXX_FEATURE:0cxx_unrestricted_unions
    Feature record: CXX_FEATURE:0cxx_user_literals
    Feature record: CXX_FEATURE:0cxx_variable_templates
    Feature record: CXX_FEATURE:0cxx_variadic_macros
    Feature record: CXX_FEATURE:0cxx_variadic_templates
